2025-03-31 09:45:53 - INFO - mars_base_internal_temperature: 25.14
2025-03-31 09:45:53 - INFO - mars_base_external_temperature: 19.83
2025-03-31 09:45:53 - INFO - mars_base_internal_humidity: 52.02
2025-03-31 09:45:53 - INFO - mars_base_external_illuminance: 658.7
2025-03-31 09:45:53 - INFO - mars_base_internal_co2: 0.03
2025-03-31 09:45:53 - INFO - mars_base_internal_oxygen: 4.65
2025-03-31 16:01:36 - INFO - mars_base_internal_temperature: 29.64
2025-03-31 16:01:36 - INFO - mars_base_external_temperature: 19.31
2025-03-31 16:01:36 - INFO - mars_base_internal_humidity: 59.76
2025-03-31 16:01:36 - INFO - mars_base_external_illuminance: 635.32
2025-03-31 16:01:36 - INFO - mars_base_internal_co2: 0.04
2025-03-31 16:01:36 - INFO - mars_base_internal_oxygen: 5.37
2025-03-31 20:09:37 - INFO - mars_base_internal_temperature: 18.75
2025-03-31 20:09:37 - INFO - mars_base_external_temperature: 4.68
2025-03-31 20:09:37 - INFO - mars_base_internal_humidity: 52.27
2025-03-31 20:09:37 - INFO - mars_base_external_illuminance: 654.6
2025-03-31 20:09:37 - INFO - mars_base_internal_co2: 0.04
2025-03-31 20:09:37 - INFO - mars_base_internal_oxygen: 6.94
2025-03-31 20:24:33 - INFO - mars_base_internal_temperature: 29.12
2025-03-31 20:24:33 - INFO - mars_base_external_temperature: 4.62
2025-03-31 20:24:33 - INFO - mars_base_internal_humidity: 50.3
2025-03-31 20:24:33 - INFO - mars_base_external_illuminance: 711.92
2025-03-31 20:24:33 - INFO - mars_base_internal_co2: 0.03
2025-03-31 20:24:33 - INFO - mars_base_internal_oxygen: 4.41
2025-04-04 23:37:53 - INFO - mars_base_internal_temperature: 21.16
2025-04-04 23:37:53 - INFO - mars_base_external_temperature: 7.78
2025-04-04 23:37:53 - INFO - mars_base_internal_humidity: 50.97
2025-04-04 23:37:53 - INFO - mars_base_external_illuminance: 515.08
2025-04-04 23:37:53 - INFO - mars_base_internal_co2: 0.04
2025-04-04 23:37:53 - INFO - mars_base_internal_oxygen: 6.78
2025-04-04 23:37:53 - INFO - mars_base_internal_temperature: 26.98
2025-04-04 23:37:53 - INFO - mars_base_external_temperature: 13.12
2025-04-04 23:37:53 - INFO - mars_base_internal_humidity: 53.32
2025-04-04 23:37:53 - INFO - mars_base_external_illuminance: 603.29
2025-04-04 23:37:53 - INFO - mars_base_internal_co2: 0.08
2025-04-04 23:37:53 - INFO - mars_base_internal_oxygen: 4.79
2025-04-04 23:38:34 - INFO - mars_base_internal_temperature: 26.34
2025-04-04 23:38:34 - INFO - mars_base_external_temperature: 4.32
2025-04-04 23:38:34 - INFO - mars_base_internal_humidity: 55.88
2025-04-04 23:38:34 - INFO - mars_base_external_illuminance: 693.2
2025-04-04 23:38:34 - INFO - mars_base_internal_co2: 0.02
2025-04-04 23:38:34 - INFO - mars_base_internal_oxygen: 5.87
2025-04-04 23:39:42 - INFO - mars_base_internal_temperature: 20.97
2025-04-04 23:39:42 - INFO - mars_base_external_temperature: 0.93
2025-04-04 23:39:42 - INFO - mars_base_internal_humidity: 56.63
2025-04-04 23:39:42 - INFO - mars_base_external_illuminance: 580.2
2025-04-04 23:39:42 - INFO - mars_base_internal_co2: 0.09
2025-04-04 23:39:42 - INFO - mars_base_internal_oxygen: 4.13
2025-04-04 23:39:42 - INFO - mars_base_internal_temperature: 20.25
2025-04-04 23:39:42 - INFO - mars_base_external_temperature: 13.02
2025-04-04 23:39:42 - INFO - mars_base_internal_humidity: 60.3
2025-04-04 23:39:42 - INFO - mars_base_external_illuminance: 588.78
2025-04-04 23:39:42 - INFO - mars_base_internal_co2: 0.05
2025-04-04 23:39:42 - INFO - mars_base_internal_oxygen: 6.36
2025-04-04 23:39:50 - INFO - mars_base_internal_temperature: 19.08
2025-04-04 23:39:50 - INFO - mars_base_external_temperature: 11.63
2025-04-04 23:39:50 - INFO - mars_base_internal_humidity: 56.66
2025-04-04 23:39:50 - INFO - mars_base_external_illuminance: 510.34
2025-04-04 23:39:50 - INFO - mars_base_internal_co2: 0.04
2025-04-04 23:39:50 - INFO - mars_base_internal_oxygen: 4.1
2025-04-04 23:44:01 - INFO - mars_base_internal_temperature: 18.3
2025-04-04 23:44:01 - INFO - mars_base_external_temperature: 11.03
2025-04-04 23:44:01 - INFO - mars_base_internal_humidity: 52.3
2025-04-04 23:44:01 - INFO - mars_base_external_illuminance: 642.07
2025-04-04 23:44:01 - INFO - mars_base_internal_co2: 0.08
2025-04-04 23:44:01 - INFO - mars_base_internal_oxygen: 5.67
2025-04-04 23:44:01 - INFO - mars_base_internal_temperature: 30.45
2025-04-04 23:44:01 - INFO - mars_base_external_temperature: 5.64
2025-04-04 23:44:01 - INFO - mars_base_internal_humidity: 60.3
2025-04-04 23:44:01 - INFO - mars_base_external_illuminance: 658.14
2025-04-04 23:44:01 - INFO - mars_base_internal_co2: 0.09
2025-04-04 23:44:01 - INFO - mars_base_internal_oxygen: 6.91
2025-04-04 23:46:09 - INFO - mars_base_internal_temperature: 24.16
2025-04-04 23:46:09 - INFO - mars_base_external_temperature: 20.12
2025-04-04 23:46:09 - INFO - mars_base_internal_humidity: 56.19
2025-04-04 23:46:09 - INFO - mars_base_external_illuminance: 700.53
2025-04-04 23:46:09 - INFO - mars_base_internal_co2: 0.06
2025-04-04 23:46:09 - INFO - mars_base_internal_oxygen: 6.59
2025-04-04 23:46:09 - INFO - mars_base_internal_temperature: 24.52
2025-04-04 23:46:09 - INFO - mars_base_external_temperature: 9.35
2025-04-04 23:46:09 - INFO - mars_base_internal_humidity: 54.87
2025-04-04 23:46:09 - INFO - mars_base_external_illuminance: 600.69
2025-04-04 23:46:09 - INFO - mars_base_internal_co2: 0.05
2025-04-04 23:46:09 - INFO - mars_base_internal_oxygen: 5.87
2025-04-04 23:47:18 - INFO - mars_base_internal_temperature: 23.79
2025-04-04 23:47:18 - INFO - mars_base_external_temperature: 3.8
2025-04-04 23:47:18 - INFO - mars_base_internal_humidity: 54.91
2025-04-04 23:47:18 - INFO - mars_base_external_illuminance: 587.28
2025-04-04 23:47:18 - INFO - mars_base_internal_co2: 0.08
2025-04-04 23:47:18 - INFO - mars_base_internal_oxygen: 5.73
2025-04-04 23:47:18 - INFO - mars_base_internal_temperature: 23.78
2025-04-04 23:47:18 - INFO - mars_base_external_temperature: 9.09
2025-04-04 23:47:18 - INFO - mars_base_internal_humidity: 56.38
2025-04-04 23:47:18 - INFO - mars_base_external_illuminance: 551.38
2025-04-04 23:47:18 - INFO - mars_base_internal_co2: 0.04
2025-04-04 23:47:18 - INFO - mars_base_internal_oxygen: 4.68
2025-04-04 23:48:44 - INFO - mars_base_internal_temperature: 30.07
2025-04-04 23:48:44 - INFO - mars_base_external_temperature: 2.26
2025-04-04 23:48:44 - INFO - mars_base_internal_humidity: 56.36
2025-04-04 23:48:44 - INFO - mars_base_external_illuminance: 582.18
2025-04-04 23:48:44 - INFO - mars_base_internal_co2: 0.03
2025-04-04 23:48:44 - INFO - mars_base_internal_oxygen: 4.45
2025-04-04 23:49:04 - INFO - mars_base_internal_temperature: 22.94
2025-04-04 23:49:04 - INFO - mars_base_external_temperature: 20.2
2025-04-04 23:49:04 - INFO - mars_base_internal_humidity: 57.85
2025-04-04 23:49:04 - INFO - mars_base_external_illuminance: 711.52
2025-04-04 23:49:04 - INFO - mars_base_internal_co2: 0.07
2025-04-04 23:49:04 - INFO - mars_base_internal_oxygen: 4.47
2025-04-04 23:52:12 - INFO - mars_base_internal_temperature: 23.26
2025-04-04 23:52:12 - INFO - mars_base_external_temperature: 14.07
2025-04-04 23:52:12 - INFO - mars_base_internal_humidity: 58.05
2025-04-04 23:52:12 - INFO - mars_base_external_illuminance: 579.54
2025-04-04 23:52:12 - INFO - mars_base_internal_co2: 0.08
2025-04-04 23:52:12 - INFO - mars_base_internal_oxygen: 6.23
2025-04-04 23:52:22 - INFO - mars_base_internal_temperature: 27.75
2025-04-04 23:52:22 - INFO - mars_base_external_temperature: 14.02
2025-04-04 23:52:22 - INFO - mars_base_internal_humidity: 55.07
2025-04-04 23:52:22 - INFO - mars_base_external_illuminance: 505.32
2025-04-04 23:52:22 - INFO - mars_base_internal_co2: 0.08
2025-04-04 23:52:22 - INFO - mars_base_internal_oxygen: 4.13
2025-04-04 23:52:29 - INFO - mars_base_internal_temperature: 20.51
2025-04-04 23:52:29 - INFO - mars_base_external_temperature: 7.44
2025-04-04 23:52:29 - INFO - mars_base_internal_humidity: 57.07
2025-04-04 23:52:29 - INFO - mars_base_external_illuminance: 683.24
2025-04-04 23:52:29 - INFO - mars_base_internal_co2: 0.05
2025-04-04 23:52:29 - INFO - mars_base_internal_oxygen: 4.53
2025-04-04 23:52:56 - INFO - mars_base_internal_temperature: 23.28
2025-04-04 23:52:56 - INFO - mars_base_external_temperature: 10.68
2025-04-04 23:52:56 - INFO - mars_base_internal_humidity: 51.33
2025-04-04 23:52:56 - INFO - mars_base_external_illuminance: 679.31
2025-04-04 23:52:56 - INFO - mars_base_internal_co2: 0.08
2025-04-04 23:52:56 - INFO - mars_base_internal_oxygen: 4.26
2025-04-04 23:55:27 - INFO - mars_base_internal_temperature: 24.08
2025-04-04 23:55:27 - INFO - mars_base_external_temperature: 11.52
2025-04-04 23:55:27 - INFO - mars_base_internal_humidity: 60.76
2025-04-04 23:55:27 - INFO - mars_base_external_illuminance: 657.5
2025-04-04 23:55:27 - INFO - mars_base_internal_co2: 0.03
2025-04-04 23:55:27 - INFO - mars_base_internal_oxygen: 6.99
2025-04-04 23:55:32 - INFO - mars_base_internal_temperature: 30.67
2025-04-04 23:55:32 - INFO - mars_base_external_temperature: 11.35
2025-04-04 23:55:32 - INFO - mars_base_internal_humidity: 50.23
2025-04-04 23:55:32 - INFO - mars_base_external_illuminance: 654.19
2025-04-04 23:55:32 - INFO - mars_base_internal_co2: 0.06
2025-04-04 23:55:32 - INFO - mars_base_internal_oxygen: 5.84
2025-04-04 23:55:37 - INFO - mars_base_internal_temperature: 26.78
2025-04-04 23:55:37 - INFO - mars_base_external_temperature: 14.37
2025-04-04 23:55:37 - INFO - mars_base_internal_humidity: 57.65
2025-04-04 23:55:37 - INFO - mars_base_external_illuminance: 696.37
2025-04-04 23:55:37 - INFO - mars_base_internal_co2: 0.08
2025-04-04 23:55:37 - INFO - mars_base_internal_oxygen: 5.47
2025-04-06 02:48:41 - INFO - mars_base_internal_temperature: 22.82
2025-04-06 02:48:41 - INFO - mars_base_external_temperature: 4.96
2025-04-06 02:48:41 - INFO - mars_base_internal_humidity: 54.8
2025-04-06 02:48:41 - INFO - mars_base_external_illuminance: 674.9
2025-04-06 02:48:41 - INFO - mars_base_internal_co2: 0.09
2025-04-06 02:48:41 - INFO - mars_base_internal_oxygen: 6.68
2025-04-06 02:48:46 - INFO - mars_base_internal_temperature: 24.26
2025-04-06 02:48:46 - INFO - mars_base_external_temperature: 11.19
2025-04-06 02:48:46 - INFO - mars_base_internal_humidity: 56.75
2025-04-06 02:48:46 - INFO - mars_base_external_illuminance: 503.9
2025-04-06 02:48:46 - INFO - mars_base_internal_co2: 0.05
2025-04-06 02:48:46 - INFO - mars_base_internal_oxygen: 4.96
2025-04-07 20:23:27 - INFO - mars_base_internal_temperature: 29.16
2025-04-07 20:23:27 - INFO - mars_base_external_temperature: 20.05
2025-04-07 20:23:27 - INFO - mars_base_internal_humidity: 56.56
2025-04-07 20:23:27 - INFO - mars_base_external_illuminance: 685.73
2025-04-07 20:23:27 - INFO - mars_base_internal_co2: 0.08
2025-04-07 20:23:27 - INFO - mars_base_internal_oxygen: 6.82
2025-04-07 20:23:32 - INFO - mars_base_internal_temperature: 26.2
2025-04-07 20:23:32 - INFO - mars_base_external_temperature: 2.03
2025-04-07 20:23:32 - INFO - mars_base_internal_humidity: 60.69
2025-04-07 20:23:32 - INFO - mars_base_external_illuminance: 648.08
2025-04-07 20:23:32 - INFO - mars_base_internal_co2: 0.05
2025-04-07 20:23:32 - INFO - mars_base_internal_oxygen: 6.89
2025-04-07 20:23:37 - INFO - mars_base_internal_temperature: 25.01
2025-04-07 20:23:37 - INFO - mars_base_external_temperature: 4.01
2025-04-07 20:23:37 - INFO - mars_base_internal_humidity: 59.44
2025-04-07 20:23:37 - INFO - mars_base_external_illuminance: 520.87
2025-04-07 20:23:37 - INFO - mars_base_internal_co2: 0.06
2025-04-07 20:23:37 - INFO - mars_base_internal_oxygen: 4.02
2025-04-07 20:23:42 - INFO - mars_base_internal_temperature: 20.77
2025-04-07 20:23:42 - INFO - mars_base_external_temperature: 17.15
2025-04-07 20:23:42 - INFO - mars_base_internal_humidity: 54.53
2025-04-07 20:23:42 - INFO - mars_base_external_illuminance: 581.17
2025-04-07 20:23:42 - INFO - mars_base_internal_co2: 0.03
2025-04-07 20:23:42 - INFO - mars_base_internal_oxygen: 4.4
2025-04-07 20:23:47 - INFO - mars_base_internal_temperature: 25.08
2025-04-07 20:23:47 - INFO - mars_base_external_temperature: 11.76
2025-04-07 20:23:47 - INFO - mars_base_internal_humidity: 51.67
2025-04-07 20:23:47 - INFO - mars_base_external_illuminance: 652.97
2025-04-07 20:23:47 - INFO - mars_base_internal_co2: 0.05
2025-04-07 20:23:47 - INFO - mars_base_internal_oxygen: 5.13
2025-04-07 20:23:52 - INFO - mars_base_internal_temperature: 27.84
2025-04-07 20:23:52 - INFO - mars_base_external_temperature: 11.33
2025-04-07 20:23:52 - INFO - mars_base_internal_humidity: 55.13
2025-04-07 20:23:52 - INFO - mars_base_external_illuminance: 607.23
2025-04-07 20:23:52 - INFO - mars_base_internal_co2: 0.06
2025-04-07 20:23:52 - INFO - mars_base_internal_oxygen: 5.06
2025-04-07 20:23:57 - INFO - mars_base_internal_temperature: 19.58
2025-04-07 20:23:57 - INFO - mars_base_external_temperature: 1.65
2025-04-07 20:23:57 - INFO - mars_base_internal_humidity: 59.65
2025-04-07 20:23:57 - INFO - mars_base_external_illuminance: 637.07
2025-04-07 20:23:57 - INFO - mars_base_internal_co2: 0.02
2025-04-07 20:23:57 - INFO - mars_base_internal_oxygen: 4.11
2025-04-07 20:24:02 - INFO - mars_base_internal_temperature: 28.98
2025-04-07 20:24:02 - INFO - mars_base_external_temperature: 4.75
2025-04-07 20:24:02 - INFO - mars_base_internal_humidity: 57.66
2025-04-07 20:24:02 - INFO - mars_base_external_illuminance: 523.35
2025-04-07 20:24:02 - INFO - mars_base_internal_co2: 0.04
2025-04-07 20:24:02 - INFO - mars_base_internal_oxygen: 4.06
2025-04-07 20:24:07 - INFO - mars_base_internal_temperature: 24.74
2025-04-07 20:24:07 - INFO - mars_base_external_temperature: 8.75
2025-04-07 20:24:07 - INFO - mars_base_internal_humidity: 51.95
2025-04-07 20:24:07 - INFO - mars_base_external_illuminance: 525.03
2025-04-07 20:24:07 - INFO - mars_base_internal_co2: 0.07
2025-04-07 20:24:07 - INFO - mars_base_internal_oxygen: 4.53
2025-04-07 20:24:12 - INFO - mars_base_internal_temperature: 29.37
2025-04-07 20:24:12 - INFO - mars_base_external_temperature: 13.02
2025-04-07 20:24:12 - INFO - mars_base_internal_humidity: 53.28
2025-04-07 20:24:12 - INFO - mars_base_external_illuminance: 509.69
2025-04-07 20:24:12 - INFO - mars_base_internal_co2: 0.03
2025-04-07 20:24:12 - INFO - mars_base_internal_oxygen: 5.44
2025-04-07 20:24:17 - INFO - mars_base_internal_temperature: 29.41
2025-04-07 20:24:17 - INFO - mars_base_external_temperature: 19.75
2025-04-07 20:24:17 - INFO - mars_base_internal_humidity: 58.63
2025-04-07 20:24:17 - INFO - mars_base_external_illuminance: 572.98
2025-04-07 20:24:17 - INFO - mars_base_internal_co2: 0.04
2025-04-07 20:24:17 - INFO - mars_base_internal_oxygen: 5.98
2025-04-07 20:24:22 - INFO - mars_base_internal_temperature: 30.14
2025-04-07 20:24:22 - INFO - mars_base_external_temperature: 10.38
2025-04-07 20:24:22 - INFO - mars_base_internal_humidity: 55.89
2025-04-07 20:24:22 - INFO - mars_base_external_illuminance: 632.4
2025-04-07 20:24:22 - INFO - mars_base_internal_co2: 0.08
2025-04-07 20:24:22 - INFO - mars_base_internal_oxygen: 5.3
2025-04-07 20:24:27 - INFO - mars_base_internal_temperature: 25.38
2025-04-07 20:24:27 - INFO - mars_base_external_temperature: 4.86
2025-04-07 20:24:27 - INFO - mars_base_internal_humidity: 60.79
2025-04-07 20:24:27 - INFO - mars_base_external_illuminance: 666.84
2025-04-07 20:24:27 - INFO - mars_base_internal_co2: 0.05
2025-04-07 20:24:27 - INFO - mars_base_internal_oxygen: 4.0
2025-04-07 20:24:32 - INFO - mars_base_internal_temperature: 25.0
2025-04-07 20:24:32 - INFO - mars_base_external_temperature: 15.22
2025-04-07 20:24:32 - INFO - mars_base_internal_humidity: 52.61
2025-04-07 20:24:32 - INFO - mars_base_external_illuminance: 607.35
2025-04-07 20:24:32 - INFO - mars_base_internal_co2: 0.02
2025-04-07 20:24:32 - INFO - mars_base_internal_oxygen: 5.3
2025-04-07 20:24:37 - INFO - mars_base_internal_temperature: 29.19
2025-04-07 20:24:37 - INFO - mars_base_external_temperature: 14.35
2025-04-07 20:24:37 - INFO - mars_base_internal_humidity: 51.55
2025-04-07 20:24:37 - INFO - mars_base_external_illuminance: 665.1
2025-04-07 20:24:37 - INFO - mars_base_internal_co2: 0.02
2025-04-07 20:24:37 - INFO - mars_base_internal_oxygen: 5.38
2025-04-07 20:24:42 - INFO - mars_base_internal_temperature: 20.18
2025-04-07 20:24:42 - INFO - mars_base_external_temperature: 18.75
2025-04-07 20:24:42 - INFO - mars_base_internal_humidity: 59.12
2025-04-07 20:24:42 - INFO - mars_base_external_illuminance: 523.32
2025-04-07 20:24:42 - INFO - mars_base_internal_co2: 0.08
2025-04-07 20:24:42 - INFO - mars_base_internal_oxygen: 4.22
2025-04-07 20:24:47 - INFO - mars_base_internal_temperature: 21.36
2025-04-07 20:24:47 - INFO - mars_base_external_temperature: 5.6
2025-04-07 20:24:47 - INFO - mars_base_internal_humidity: 56.35
2025-04-07 20:24:47 - INFO - mars_base_external_illuminance: 683.04
2025-04-07 20:24:47 - INFO - mars_base_internal_co2: 0.1
2025-04-07 20:24:47 - INFO - mars_base_internal_oxygen: 5.78
2025-04-07 20:24:52 - INFO - mars_base_internal_temperature: 23.0
2025-04-07 20:24:52 - INFO - mars_base_external_temperature: 11.97
2025-04-07 20:24:52 - INFO - mars_base_internal_humidity: 52.61
2025-04-07 20:24:52 - INFO - mars_base_external_illuminance: 674.18
2025-04-07 20:24:52 - INFO - mars_base_internal_co2: 0.06
2025-04-07 20:24:52 - INFO - mars_base_internal_oxygen: 5.95
2025-04-07 20:24:57 - INFO - mars_base_internal_temperature: 28.94
2025-04-07 20:24:57 - INFO - mars_base_external_temperature: 5.35
2025-04-07 20:24:57 - INFO - mars_base_internal_humidity: 58.13
2025-04-07 20:24:57 - INFO - mars_base_external_illuminance: 598.3
2025-04-07 20:24:57 - INFO - mars_base_internal_co2: 0.08
2025-04-07 20:24:57 - INFO - mars_base_internal_oxygen: 5.49
2025-04-07 20:25:02 - INFO - mars_base_internal_temperature: 30.02
2025-04-07 20:25:02 - INFO - mars_base_external_temperature: 6.75
2025-04-07 20:25:02 - INFO - mars_base_internal_humidity: 58.48
2025-04-07 20:25:02 - INFO - mars_base_external_illuminance: 501.51
2025-04-07 20:25:02 - INFO - mars_base_internal_co2: 0.05
2025-04-07 20:25:02 - INFO - mars_base_internal_oxygen: 6.67
2025-04-07 20:25:07 - INFO - mars_base_internal_temperature: 24.59
2025-04-07 20:25:07 - INFO - mars_base_external_temperature: 21.51
2025-04-07 20:25:07 - INFO - mars_base_internal_humidity: 53.09
2025-04-07 20:25:07 - INFO - mars_base_external_illuminance: 665.63
2025-04-07 20:25:07 - INFO - mars_base_internal_co2: 0.04
2025-04-07 20:25:07 - INFO - mars_base_internal_oxygen: 5.87
2025-04-07 20:25:12 - INFO - mars_base_internal_temperature: 23.81
2025-04-07 20:25:12 - INFO - mars_base_external_temperature: 7.34
2025-04-07 20:25:12 - INFO - mars_base_internal_humidity: 50.42
2025-04-07 20:25:12 - INFO - mars_base_external_illuminance: 664.29
2025-04-07 20:25:12 - INFO - mars_base_internal_co2: 0.05
2025-04-07 20:25:12 - INFO - mars_base_internal_oxygen: 5.77
2025-04-07 20:25:17 - INFO - mars_base_internal_temperature: 21.09
2025-04-07 20:25:17 - INFO - mars_base_external_temperature: 13.38
2025-04-07 20:25:17 - INFO - mars_base_internal_humidity: 51.24
2025-04-07 20:25:17 - INFO - mars_base_external_illuminance: 684.71
2025-04-07 20:25:17 - INFO - mars_base_internal_co2: 0.05
2025-04-07 20:25:17 - INFO - mars_base_internal_oxygen: 5.1
2025-04-07 20:25:22 - INFO - mars_base_internal_temperature: 27.16
2025-04-07 20:25:22 - INFO - mars_base_external_temperature: 14.02
2025-04-07 20:25:22 - INFO - mars_base_internal_humidity: 53.06
2025-04-07 20:25:22 - INFO - mars_base_external_illuminance: 651.87
2025-04-07 20:25:22 - INFO - mars_base_internal_co2: 0.04
2025-04-07 20:25:22 - INFO - mars_base_internal_oxygen: 4.3
2025-04-07 20:25:27 - INFO - mars_base_internal_temperature: 27.26
2025-04-07 20:25:27 - INFO - mars_base_external_temperature: 2.3
2025-04-07 20:25:27 - INFO - mars_base_internal_humidity: 50.66
2025-04-07 20:25:27 - INFO - mars_base_external_illuminance: 636.12
2025-04-07 20:25:27 - INFO - mars_base_internal_co2: 0.02
2025-04-07 20:25:27 - INFO - mars_base_internal_oxygen: 4.27
2025-04-07 20:25:32 - INFO - mars_base_internal_temperature: 27.78
2025-04-07 20:25:32 - INFO - mars_base_external_temperature: 21.17
2025-04-07 20:25:32 - INFO - mars_base_internal_humidity: 51.84
2025-04-07 20:25:32 - INFO - mars_base_external_illuminance: 591.58
2025-04-07 20:25:32 - INFO - mars_base_internal_co2: 0.05
2025-04-07 20:25:32 - INFO - mars_base_internal_oxygen: 5.8
2025-04-07 20:25:37 - INFO - mars_base_internal_temperature: 22.43
2025-04-07 20:25:37 - INFO - mars_base_external_temperature: 8.52
2025-04-07 20:25:37 - INFO - mars_base_internal_humidity: 52.53
2025-04-07 20:25:37 - INFO - mars_base_external_illuminance: 526.57
2025-04-07 20:25:37 - INFO - mars_base_internal_co2: 0.08
2025-04-07 20:25:37 - INFO - mars_base_internal_oxygen: 4.08
2025-04-07 20:25:42 - INFO - mars_base_internal_temperature: 21.96
2025-04-07 20:25:42 - INFO - mars_base_external_temperature: 7.24
2025-04-07 20:25:42 - INFO - mars_base_internal_humidity: 51.02
2025-04-07 20:25:42 - INFO - mars_base_external_illuminance: 636.04
2025-04-07 20:25:42 - INFO - mars_base_internal_co2: 0.05
2025-04-07 20:25:42 - INFO - mars_base_internal_oxygen: 6.96
2025-04-07 20:25:47 - INFO - mars_base_internal_temperature: 25.71
2025-04-07 20:25:47 - INFO - mars_base_external_temperature: 19.6
2025-04-07 20:25:47 - INFO - mars_base_internal_humidity: 51.9
2025-04-07 20:25:47 - INFO - mars_base_external_illuminance: 704.15
2025-04-07 20:25:47 - INFO - mars_base_internal_co2: 0.05
2025-04-07 20:25:47 - INFO - mars_base_internal_oxygen: 6.11
2025-04-07 20:25:52 - INFO - mars_base_internal_temperature: 22.36
2025-04-07 20:25:52 - INFO - mars_base_external_temperature: 10.59
2025-04-07 20:25:52 - INFO - mars_base_internal_humidity: 60.4
2025-04-07 20:25:52 - INFO - mars_base_external_illuminance: 594.43
2025-04-07 20:25:52 - INFO - mars_base_internal_co2: 0.02
2025-04-07 20:25:52 - INFO - mars_base_internal_oxygen: 4.44
2025-04-07 20:25:57 - INFO - mars_base_internal_temperature: 27.89
2025-04-07 20:25:57 - INFO - mars_base_external_temperature: 0.81
2025-04-07 20:25:57 - INFO - mars_base_internal_humidity: 55.36
2025-04-07 20:25:57 - INFO - mars_base_external_illuminance: 542.85
2025-04-07 20:25:57 - INFO - mars_base_internal_co2: 0.09
2025-04-07 20:25:57 - INFO - mars_base_internal_oxygen: 6.18
2025-04-07 20:26:02 - INFO - mars_base_internal_temperature: 27.86
2025-04-07 20:26:02 - INFO - mars_base_external_temperature: 3.55
2025-04-07 20:26:02 - INFO - mars_base_internal_humidity: 59.31
2025-04-07 20:26:02 - INFO - mars_base_external_illuminance: 681.28
2025-04-07 20:26:02 - INFO - mars_base_internal_co2: 0.08
2025-04-07 20:26:02 - INFO - mars_base_internal_oxygen: 5.24
2025-04-07 20:26:07 - INFO - mars_base_internal_temperature: 25.15
2025-04-07 20:26:07 - INFO - mars_base_external_temperature: 2.19
2025-04-07 20:26:07 - INFO - mars_base_internal_humidity: 59.02
2025-04-07 20:26:07 - INFO - mars_base_external_illuminance: 513.98
2025-04-07 20:26:07 - INFO - mars_base_internal_co2: 0.07
2025-04-07 20:26:07 - INFO - mars_base_internal_oxygen: 5.77
2025-04-07 20:26:12 - INFO - mars_base_internal_temperature: 18.65
2025-04-07 20:26:12 - INFO - mars_base_external_temperature: 20.26
2025-04-07 20:26:12 - INFO - mars_base_internal_humidity: 55.46
2025-04-07 20:26:12 - INFO - mars_base_external_illuminance: 604.21
2025-04-07 20:26:12 - INFO - mars_base_internal_co2: 0.1
2025-04-07 20:26:12 - INFO - mars_base_internal_oxygen: 5.91
2025-04-07 20:26:17 - INFO - mars_base_internal_temperature: 22.89
2025-04-07 20:26:17 - INFO - mars_base_external_temperature: 16.85
2025-04-07 20:26:17 - INFO - mars_base_internal_humidity: 53.79
2025-04-07 20:26:17 - INFO - mars_base_external_illuminance: 526.03
2025-04-07 20:26:17 - INFO - mars_base_internal_co2: 0.02
2025-04-07 20:26:17 - INFO - mars_base_internal_oxygen: 6.11
2025-04-07 20:26:22 - INFO - mars_base_internal_temperature: 22.55
2025-04-07 20:26:22 - INFO - mars_base_external_temperature: 0.66
2025-04-07 20:26:22 - INFO - mars_base_internal_humidity: 53.53
2025-04-07 20:26:22 - INFO - mars_base_external_illuminance: 511.45
2025-04-07 20:26:22 - INFO - mars_base_internal_co2: 0.09
2025-04-07 20:26:22 - INFO - mars_base_internal_oxygen: 5.57
2025-04-07 20:26:27 - INFO - mars_base_internal_temperature: 22.88
2025-04-07 20:26:27 - INFO - mars_base_external_temperature: 17.89
2025-04-07 20:26:27 - INFO - mars_base_internal_humidity: 53.46
2025-04-07 20:26:27 - INFO - mars_base_external_illuminance: 594.5
2025-04-07 20:26:27 - INFO - mars_base_internal_co2: 0.07
2025-04-07 20:26:27 - INFO - mars_base_internal_oxygen: 5.01
2025-04-07 20:26:32 - INFO - mars_base_internal_temperature: 21.98
2025-04-07 20:26:32 - INFO - mars_base_external_temperature: 18.68
2025-04-07 20:26:32 - INFO - mars_base_internal_humidity: 58.78
2025-04-07 20:26:32 - INFO - mars_base_external_illuminance: 666.09
2025-04-07 20:26:32 - INFO - mars_base_internal_co2: 0.06
2025-04-07 20:26:32 - INFO - mars_base_internal_oxygen: 6.9
2025-04-07 20:26:37 - INFO - mars_base_internal_temperature: 19.74
2025-04-07 20:26:37 - INFO - mars_base_external_temperature: 19.34
2025-04-07 20:26:37 - INFO - mars_base_internal_humidity: 54.38
2025-04-07 20:26:37 - INFO - mars_base_external_illuminance: 557.93
2025-04-07 20:26:37 - INFO - mars_base_internal_co2: 0.05
2025-04-07 20:26:37 - INFO - mars_base_internal_oxygen: 5.02
2025-04-07 20:26:42 - INFO - mars_base_internal_temperature: 23.46
2025-04-07 20:26:42 - INFO - mars_base_external_temperature: 17.78
2025-04-07 20:26:42 - INFO - mars_base_internal_humidity: 60.81
2025-04-07 20:26:42 - INFO - mars_base_external_illuminance: 585.36
2025-04-07 20:26:42 - INFO - mars_base_internal_co2: 0.09
2025-04-07 20:26:42 - INFO - mars_base_internal_oxygen: 4.85
2025-04-07 20:26:47 - INFO - mars_base_internal_temperature: 30.36
2025-04-07 20:26:47 - INFO - mars_base_external_temperature: 6.05
2025-04-07 20:26:47 - INFO - mars_base_internal_humidity: 60.09
2025-04-07 20:26:47 - INFO - mars_base_external_illuminance: 602.31
2025-04-07 20:26:47 - INFO - mars_base_internal_co2: 0.05
2025-04-07 20:26:47 - INFO - mars_base_internal_oxygen: 6.48
2025-04-07 20:26:52 - INFO - mars_base_internal_temperature: 27.29
2025-04-07 20:26:52 - INFO - mars_base_external_temperature: 2.33
2025-04-07 20:26:52 - INFO - mars_base_internal_humidity: 54.53
2025-04-07 20:26:52 - INFO - mars_base_external_illuminance: 611.16
2025-04-07 20:26:52 - INFO - mars_base_internal_co2: 0.04
2025-04-07 20:26:52 - INFO - mars_base_internal_oxygen: 4.56
2025-04-07 20:26:57 - INFO - mars_base_internal_temperature: 30.71
2025-04-07 20:26:57 - INFO - mars_base_external_temperature: 1.39
2025-04-07 20:26:57 - INFO - mars_base_internal_humidity: 52.85
2025-04-07 20:26:57 - INFO - mars_base_external_illuminance: 714.55
2025-04-07 20:26:57 - INFO - mars_base_internal_co2: 0.03
2025-04-07 20:26:57 - INFO - mars_base_internal_oxygen: 5.54
2025-04-07 20:27:02 - INFO - mars_base_internal_temperature: 21.34
2025-04-07 20:27:02 - INFO - mars_base_external_temperature: 6.82
2025-04-07 20:27:02 - INFO - mars_base_internal_humidity: 56.8
2025-04-07 20:27:02 - INFO - mars_base_external_illuminance: 692.42
2025-04-07 20:27:02 - INFO - mars_base_internal_co2: 0.07
2025-04-07 20:27:02 - INFO - mars_base_internal_oxygen: 4.59
2025-04-07 20:27:07 - INFO - mars_base_internal_temperature: 25.79
2025-04-07 20:27:07 - INFO - mars_base_external_temperature: 18.9
2025-04-07 20:27:07 - INFO - mars_base_internal_humidity: 58.85
2025-04-07 20:27:07 - INFO - mars_base_external_illuminance: 518.46
2025-04-07 20:27:07 - INFO - mars_base_internal_co2: 0.03
2025-04-07 20:27:07 - INFO - mars_base_internal_oxygen: 5.27
2025-04-07 20:27:12 - INFO - mars_base_internal_temperature: 19.48
2025-04-07 20:27:12 - INFO - mars_base_external_temperature: 13.82
2025-04-07 20:27:12 - INFO - mars_base_internal_humidity: 60.95
2025-04-07 20:27:12 - INFO - mars_base_external_illuminance: 589.71
2025-04-07 20:27:12 - INFO - mars_base_internal_co2: 0.05
2025-04-07 20:27:12 - INFO - mars_base_internal_oxygen: 4.96
2025-04-07 20:27:17 - INFO - mars_base_internal_temperature: 25.71
2025-04-07 20:27:17 - INFO - mars_base_external_temperature: 14.47
2025-04-07 20:27:17 - INFO - mars_base_internal_humidity: 50.91
2025-04-07 20:27:17 - INFO - mars_base_external_illuminance: 657.59
2025-04-07 20:27:17 - INFO - mars_base_internal_co2: 0.09
2025-04-07 20:27:17 - INFO - mars_base_internal_oxygen: 6.88
2025-04-07 20:27:22 - INFO - mars_base_internal_temperature: 18.16
2025-04-07 20:27:22 - INFO - mars_base_external_temperature: 7.31
2025-04-07 20:27:22 - INFO - mars_base_internal_humidity: 54.8
2025-04-07 20:27:22 - INFO - mars_base_external_illuminance: 711.64
2025-04-07 20:27:22 - INFO - mars_base_internal_co2: 0.07
2025-04-07 20:27:22 - INFO - mars_base_internal_oxygen: 6.25
2025-04-07 20:27:27 - INFO - mars_base_internal_temperature: 30.04
2025-04-07 20:27:27 - INFO - mars_base_external_temperature: 4.07
2025-04-07 20:27:27 - INFO - mars_base_internal_humidity: 52.08
2025-04-07 20:27:27 - INFO - mars_base_external_illuminance: 623.55
2025-04-07 20:27:27 - INFO - mars_base_internal_co2: 0.02
2025-04-07 20:27:27 - INFO - mars_base_internal_oxygen: 4.97
2025-04-07 20:27:32 - INFO - mars_base_internal_temperature: 24.97
2025-04-07 20:27:32 - INFO - mars_base_external_temperature: 9.45
2025-04-07 20:27:32 - INFO - mars_base_internal_humidity: 55.69
2025-04-07 20:27:32 - INFO - mars_base_external_illuminance: 685.65
2025-04-07 20:27:32 - INFO - mars_base_internal_co2: 0.09
2025-04-07 20:27:32 - INFO - mars_base_internal_oxygen: 4.01
2025-04-07 20:27:37 - INFO - mars_base_internal_temperature: 27.11
2025-04-07 20:27:37 - INFO - mars_base_external_temperature: 10.73
2025-04-07 20:27:37 - INFO - mars_base_internal_humidity: 58.3
2025-04-07 20:27:37 - INFO - mars_base_external_illuminance: 501.06
2025-04-07 20:27:37 - INFO - mars_base_internal_co2: 0.09
2025-04-07 20:27:37 - INFO - mars_base_internal_oxygen: 4.08
2025-04-07 20:27:42 - INFO - mars_base_internal_temperature: 26.23
2025-04-07 20:27:42 - INFO - mars_base_external_temperature: 3.11
2025-04-07 20:27:42 - INFO - mars_base_internal_humidity: 57.36
2025-04-07 20:27:42 - INFO - mars_base_external_illuminance: 700.78
2025-04-07 20:27:42 - INFO - mars_base_internal_co2: 0.09
2025-04-07 20:27:42 - INFO - mars_base_internal_oxygen: 6.17
2025-04-07 20:27:47 - INFO - mars_base_internal_temperature: 30.6
2025-04-07 20:27:47 - INFO - mars_base_external_temperature: 19.0
2025-04-07 20:27:47 - INFO - mars_base_internal_humidity: 56.88
2025-04-07 20:27:47 - INFO - mars_base_external_illuminance: 651.92
2025-04-07 20:27:47 - INFO - mars_base_internal_co2: 0.1
2025-04-07 20:27:47 - INFO - mars_base_internal_oxygen: 5.88
2025-04-07 20:27:52 - INFO - mars_base_internal_temperature: 30.19
2025-04-07 20:27:52 - INFO - mars_base_external_temperature: 11.43
2025-04-07 20:27:52 - INFO - mars_base_internal_humidity: 53.48
2025-04-07 20:27:52 - INFO - mars_base_external_illuminance: 626.39
2025-04-07 20:27:52 - INFO - mars_base_internal_co2: 0.09
2025-04-07 20:27:52 - INFO - mars_base_internal_oxygen: 5.66
2025-04-07 20:27:57 - INFO - mars_base_internal_temperature: 26.02
2025-04-07 20:27:57 - INFO - mars_base_external_temperature: 15.23
2025-04-07 20:27:57 - INFO - mars_base_internal_humidity: 55.07
2025-04-07 20:27:57 - INFO - mars_base_external_illuminance: 595.56
2025-04-07 20:27:57 - INFO - mars_base_internal_co2: 0.03
2025-04-07 20:27:57 - INFO - mars_base_internal_oxygen: 6.74
2025-04-07 20:28:02 - INFO - mars_base_internal_temperature: 21.2
2025-04-07 20:28:02 - INFO - mars_base_external_temperature: 21.82
2025-04-07 20:28:02 - INFO - mars_base_internal_humidity: 52.08
2025-04-07 20:28:02 - INFO - mars_base_external_illuminance: 569.89
2025-04-07 20:28:02 - INFO - mars_base_internal_co2: 0.04
2025-04-07 20:28:02 - INFO - mars_base_internal_oxygen: 5.37
2025-04-07 20:28:07 - INFO - mars_base_internal_temperature: 25.58
2025-04-07 20:28:07 - INFO - mars_base_external_temperature: 1.96
2025-04-07 20:28:07 - INFO - mars_base_internal_humidity: 56.35
2025-04-07 20:28:07 - INFO - mars_base_external_illuminance: 613.19
2025-04-07 20:28:07 - INFO - mars_base_internal_co2: 0.1
2025-04-07 20:28:07 - INFO - mars_base_internal_oxygen: 5.5
2025-04-07 20:28:12 - INFO - mars_base_internal_temperature: 19.72
2025-04-07 20:28:12 - INFO - mars_base_external_temperature: 7.52
2025-04-07 20:28:12 - INFO - mars_base_internal_humidity: 51.96
2025-04-07 20:28:12 - INFO - mars_base_external_illuminance: 607.05
2025-04-07 20:28:12 - INFO - mars_base_internal_co2: 0.06
2025-04-07 20:28:12 - INFO - mars_base_internal_oxygen: 5.12
2025-04-07 20:28:17 - INFO - mars_base_internal_temperature: 27.49
2025-04-07 20:28:17 - INFO - mars_base_external_temperature: 17.47
2025-04-07 20:28:17 - INFO - mars_base_internal_humidity: 55.33
2025-04-07 20:28:17 - INFO - mars_base_external_illuminance: 514.63
2025-04-07 20:28:17 - INFO - mars_base_internal_co2: 0.08
2025-04-07 20:28:17 - INFO - mars_base_internal_oxygen: 5.94
2025-04-07 20:28:22 - INFO - mars_base_internal_temperature: 27.45
2025-04-07 20:28:22 - INFO - mars_base_external_temperature: 1.39
2025-04-07 20:28:22 - INFO - mars_base_internal_humidity: 50.53
2025-04-07 20:28:22 - INFO - mars_base_external_illuminance: 685.35
2025-04-07 20:28:22 - INFO - mars_base_internal_co2: 0.09
2025-04-07 20:28:22 - INFO - mars_base_internal_oxygen: 6.51
2025-04-07 20:28:27 - INFO - mars_base_internal_temperature: 23.31
2025-04-07 20:28:27 - INFO - mars_base_external_temperature: 15.61
2025-04-07 20:28:27 - INFO - mars_base_internal_humidity: 57.09
2025-04-07 20:28:27 - INFO - mars_base_external_illuminance: 606.93
2025-04-07 20:28:27 - INFO - mars_base_internal_co2: 0.09
2025-04-07 20:28:27 - INFO - mars_base_internal_oxygen: 5.93
2025-04-07 20:28:32 - INFO - mars_base_internal_temperature: 23.34
2025-04-07 20:28:32 - INFO - mars_base_external_temperature: 16.28
2025-04-07 20:28:32 - INFO - mars_base_internal_humidity: 50.61
2025-04-07 20:28:32 - INFO - mars_base_external_illuminance: 709.68
2025-04-07 20:28:32 - INFO - mars_base_internal_co2: 0.04
2025-04-07 20:28:32 - INFO - mars_base_internal_oxygen: 5.91
2025-04-07 20:28:37 - INFO - mars_base_internal_temperature: 30.19
2025-04-07 20:28:37 - INFO - mars_base_external_temperature: 21.63
2025-04-07 20:28:37 - INFO - mars_base_internal_humidity: 58.76
2025-04-07 20:28:37 - INFO - mars_base_external_illuminance: 604.17
2025-04-07 20:28:37 - INFO - mars_base_internal_co2: 0.07
2025-04-07 20:28:37 - INFO - mars_base_internal_oxygen: 6.7
2025-04-07 20:28:42 - INFO - mars_base_internal_temperature: 25.95
2025-04-07 20:28:42 - INFO - mars_base_external_temperature: 3.03
2025-04-07 20:28:42 - INFO - mars_base_internal_humidity: 58.47
2025-04-07 20:28:42 - INFO - mars_base_external_illuminance: 592.5
2025-04-07 20:28:42 - INFO - mars_base_internal_co2: 0.06
2025-04-07 20:28:42 - INFO - mars_base_internal_oxygen: 6.38
2025-04-07 20:28:47 - INFO - mars_base_internal_temperature: 23.7
2025-04-07 20:28:47 - INFO - mars_base_external_temperature: 12.15
2025-04-07 20:28:47 - INFO - mars_base_internal_humidity: 52.94
2025-04-07 20:28:47 - INFO - mars_base_external_illuminance: 697.88
2025-04-07 20:28:47 - INFO - mars_base_internal_co2: 0.03
2025-04-07 20:28:47 - INFO - mars_base_internal_oxygen: 4.47
2025-04-07 20:28:52 - INFO - mars_base_internal_temperature: 30.67
2025-04-07 20:28:52 - INFO - mars_base_external_temperature: 14.39
2025-04-07 20:28:52 - INFO - mars_base_internal_humidity: 60.17
2025-04-07 20:28:52 - INFO - mars_base_external_illuminance: 595.83
2025-04-07 20:28:52 - INFO - mars_base_internal_co2: 0.03
2025-04-07 20:28:52 - INFO - mars_base_internal_oxygen: 4.08
2025-04-07 20:28:57 - INFO - mars_base_internal_temperature: 21.77
2025-04-07 20:28:57 - INFO - mars_base_external_temperature: 13.97
2025-04-07 20:28:57 - INFO - mars_base_internal_humidity: 50.18
2025-04-07 20:28:57 - INFO - mars_base_external_illuminance: 704.54
2025-04-07 20:28:57 - INFO - mars_base_internal_co2: 0.06
2025-04-07 20:28:57 - INFO - mars_base_internal_oxygen: 6.98
2025-04-07 20:29:02 - INFO - mars_base_internal_temperature: 26.21
2025-04-07 20:29:02 - INFO - mars_base_external_temperature: 21.88
2025-04-07 20:29:02 - INFO - mars_base_internal_humidity: 54.75
2025-04-07 20:29:02 - INFO - mars_base_external_illuminance: 538.66
2025-04-07 20:29:02 - INFO - mars_base_internal_co2: 0.02
2025-04-07 20:29:02 - INFO - mars_base_internal_oxygen: 5.58
2025-04-07 20:29:07 - INFO - mars_base_internal_temperature: 27.93
2025-04-07 20:29:07 - INFO - mars_base_external_temperature: 15.52
2025-04-07 20:29:07 - INFO - mars_base_internal_humidity: 52.31
2025-04-07 20:29:07 - INFO - mars_base_external_illuminance: 609.11
2025-04-07 20:29:07 - INFO - mars_base_internal_co2: 0.05
2025-04-07 20:29:07 - INFO - mars_base_internal_oxygen: 4.75
2025-04-07 20:29:12 - INFO - mars_base_internal_temperature: 28.43
2025-04-07 20:29:12 - INFO - mars_base_external_temperature: 8.67
2025-04-07 20:29:12 - INFO - mars_base_internal_humidity: 57.16
2025-04-07 20:29:12 - INFO - mars_base_external_illuminance: 549.17
2025-04-07 20:29:12 - INFO - mars_base_internal_co2: 0.07
2025-04-07 20:29:12 - INFO - mars_base_internal_oxygen: 5.24
2025-04-07 20:29:17 - INFO - mars_base_internal_temperature: 28.82
2025-04-07 20:29:17 - INFO - mars_base_external_temperature: 0.4
2025-04-07 20:29:17 - INFO - mars_base_internal_humidity: 54.36
2025-04-07 20:29:17 - INFO - mars_base_external_illuminance: 629.37
2025-04-07 20:29:17 - INFO - mars_base_internal_co2: 0.03
2025-04-07 20:29:17 - INFO - mars_base_internal_oxygen: 4.87
2025-04-07 20:29:22 - INFO - mars_base_internal_temperature: 26.28
2025-04-07 20:29:22 - INFO - mars_base_external_temperature: 0.15
2025-04-07 20:29:22 - INFO - mars_base_internal_humidity: 57.05
2025-04-07 20:29:22 - INFO - mars_base_external_illuminance: 642.96
2025-04-07 20:29:22 - INFO - mars_base_internal_co2: 0.05
2025-04-07 20:29:22 - INFO - mars_base_internal_oxygen: 4.81
2025-04-07 20:29:27 - INFO - mars_base_internal_temperature: 26.19
2025-04-07 20:29:27 - INFO - mars_base_external_temperature: 6.29
2025-04-07 20:29:27 - INFO - mars_base_internal_humidity: 55.05
2025-04-07 20:29:27 - INFO - mars_base_external_illuminance: 635.59
2025-04-07 20:29:27 - INFO - mars_base_internal_co2: 0.07
2025-04-07 20:29:27 - INFO - mars_base_internal_oxygen: 4.07
2025-04-07 20:29:32 - INFO - mars_base_internal_temperature: 19.47
2025-04-07 20:29:32 - INFO - mars_base_external_temperature: 18.41
2025-04-07 20:29:32 - INFO - mars_base_internal_humidity: 52.5
2025-04-07 20:29:32 - INFO - mars_base_external_illuminance: 655.96
2025-04-07 20:29:32 - INFO - mars_base_internal_co2: 0.07
2025-04-07 20:29:32 - INFO - mars_base_internal_oxygen: 6.07
2025-04-07 20:29:37 - INFO - mars_base_internal_temperature: 27.25
2025-04-07 20:29:37 - INFO - mars_base_external_temperature: 8.28
2025-04-07 20:29:37 - INFO - mars_base_internal_humidity: 54.12
2025-04-07 20:29:37 - INFO - mars_base_external_illuminance: 556.04
2025-04-07 20:29:37 - INFO - mars_base_internal_co2: 0.05
2025-04-07 20:29:37 - INFO - mars_base_internal_oxygen: 5.46
2025-04-07 20:29:42 - INFO - mars_base_internal_temperature: 30.06
2025-04-07 20:29:42 - INFO - mars_base_external_temperature: 16.46
2025-04-07 20:29:42 - INFO - mars_base_internal_humidity: 59.71
2025-04-07 20:29:42 - INFO - mars_base_external_illuminance: 677.58
2025-04-07 20:29:42 - INFO - mars_base_internal_co2: 0.03
2025-04-07 20:29:42 - INFO - mars_base_internal_oxygen: 6.15
2025-04-07 20:29:47 - INFO - mars_base_internal_temperature: 24.1
2025-04-07 20:29:47 - INFO - mars_base_external_temperature: 15.72
2025-04-07 20:29:47 - INFO - mars_base_internal_humidity: 56.54
2025-04-07 20:29:47 - INFO - mars_base_external_illuminance: 519.07
2025-04-07 20:29:47 - INFO - mars_base_internal_co2: 0.03
2025-04-07 20:29:47 - INFO - mars_base_internal_oxygen: 6.97
2025-04-07 20:29:52 - INFO - mars_base_internal_temperature: 30.95
2025-04-07 20:29:52 - INFO - mars_base_external_temperature: 1.89
2025-04-07 20:29:52 - INFO - mars_base_internal_humidity: 58.68
2025-04-07 20:29:52 - INFO - mars_base_external_illuminance: 713.2
2025-04-07 20:29:52 - INFO - mars_base_internal_co2: 0.03
2025-04-07 20:29:52 - INFO - mars_base_internal_oxygen: 6.24
2025-04-07 20:29:57 - INFO - mars_base_internal_temperature: 19.32
2025-04-07 20:29:57 - INFO - mars_base_external_temperature: 21.37
2025-04-07 20:29:57 - INFO - mars_base_internal_humidity: 55.32
2025-04-07 20:29:57 - INFO - mars_base_external_illuminance: 669.53
2025-04-07 20:29:57 - INFO - mars_base_internal_co2: 0.07
2025-04-07 20:29:57 - INFO - mars_base_internal_oxygen: 5.75
2025-04-07 20:30:02 - INFO - mars_base_internal_temperature: 21.95
2025-04-07 20:30:02 - INFO - mars_base_external_temperature: 2.43
2025-04-07 20:30:02 - INFO - mars_base_internal_humidity: 56.56
2025-04-07 20:30:02 - INFO - mars_base_external_illuminance: 682.02
2025-04-07 20:30:02 - INFO - mars_base_internal_co2: 0.08
2025-04-07 20:30:02 - INFO - mars_base_internal_oxygen: 6.22
2025-04-07 20:30:07 - INFO - mars_base_internal_temperature: 21.54
2025-04-07 20:30:07 - INFO - mars_base_external_temperature: 5.0
2025-04-07 20:30:07 - INFO - mars_base_internal_humidity: 60.47
2025-04-07 20:30:07 - INFO - mars_base_external_illuminance: 628.34
2025-04-07 20:30:07 - INFO - mars_base_internal_co2: 0.09
2025-04-07 20:30:07 - INFO - mars_base_internal_oxygen: 6.32
2025-04-07 20:30:12 - INFO - mars_base_internal_temperature: 29.3
2025-04-07 20:30:12 - INFO - mars_base_external_temperature: 14.52
2025-04-07 20:30:12 - INFO - mars_base_internal_humidity: 51.05
2025-04-07 20:30:12 - INFO - mars_base_external_illuminance: 561.43
2025-04-07 20:30:12 - INFO - mars_base_internal_co2: 0.03
2025-04-07 20:30:12 - INFO - mars_base_internal_oxygen: 6.25
2025-04-07 20:30:17 - INFO - mars_base_internal_temperature: 29.95
2025-04-07 20:30:17 - INFO - mars_base_external_temperature: 17.96
2025-04-07 20:30:17 - INFO - mars_base_internal_humidity: 56.77
2025-04-07 20:30:17 - INFO - mars_base_external_illuminance: 634.68
2025-04-07 20:30:17 - INFO - mars_base_internal_co2: 0.05
2025-04-07 20:30:17 - INFO - mars_base_internal_oxygen: 5.37
2025-04-07 20:30:22 - INFO - mars_base_internal_temperature: 28.84
2025-04-07 20:30:22 - INFO - mars_base_external_temperature: 18.87
2025-04-07 20:30:22 - INFO - mars_base_internal_humidity: 50.75
2025-04-07 20:30:22 - INFO - mars_base_external_illuminance: 714.83
2025-04-07 20:30:22 - INFO - mars_base_internal_co2: 0.04
2025-04-07 20:30:22 - INFO - mars_base_internal_oxygen: 6.31
2025-04-07 20:30:27 - INFO - mars_base_internal_temperature: 21.89
2025-04-07 20:30:27 - INFO - mars_base_external_temperature: 6.39
2025-04-07 20:30:27 - INFO - mars_base_internal_humidity: 52.98
2025-04-07 20:30:27 - INFO - mars_base_external_illuminance: 539.92
2025-04-07 20:30:27 - INFO - mars_base_internal_co2: 0.03
2025-04-07 20:30:27 - INFO - mars_base_internal_oxygen: 4.14
2025-04-07 20:30:32 - INFO - mars_base_internal_temperature: 21.21
2025-04-07 20:30:32 - INFO - mars_base_external_temperature: 20.41
2025-04-07 20:30:32 - INFO - mars_base_internal_humidity: 56.25
2025-04-07 20:30:32 - INFO - mars_base_external_illuminance: 704.05
2025-04-07 20:30:32 - INFO - mars_base_internal_co2: 0.08
2025-04-07 20:30:32 - INFO - mars_base_internal_oxygen: 4.48
2025-04-07 20:30:37 - INFO - mars_base_internal_temperature: 21.53
2025-04-07 20:30:37 - INFO - mars_base_external_temperature: 9.04
2025-04-07 20:30:37 - INFO - mars_base_internal_humidity: 53.9
2025-04-07 20:30:37 - INFO - mars_base_external_illuminance: 687.81
2025-04-07 20:30:37 - INFO - mars_base_internal_co2: 0.03
2025-04-07 20:30:37 - INFO - mars_base_internal_oxygen: 4.01
2025-04-07 20:30:42 - INFO - mars_base_internal_temperature: 30.92
2025-04-07 20:30:42 - INFO - mars_base_external_temperature: 17.84
2025-04-07 20:30:42 - INFO - mars_base_internal_humidity: 52.24
2025-04-07 20:30:42 - INFO - mars_base_external_illuminance: 511.25
2025-04-07 20:30:42 - INFO - mars_base_internal_co2: 0.03
2025-04-07 20:30:42 - INFO - mars_base_internal_oxygen: 4.5
2025-04-07 20:30:47 - INFO - mars_base_internal_temperature: 30.11
2025-04-07 20:30:47 - INFO - mars_base_external_temperature: 14.53
2025-04-07 20:30:47 - INFO - mars_base_internal_humidity: 52.26
2025-04-07 20:30:47 - INFO - mars_base_external_illuminance: 544.36
2025-04-07 20:30:47 - INFO - mars_base_internal_co2: 0.02
2025-04-07 20:30:47 - INFO - mars_base_internal_oxygen: 5.21
2025-04-07 20:30:52 - INFO - mars_base_internal_temperature: 19.84
2025-04-07 20:30:52 - INFO - mars_base_external_temperature: 7.95
2025-04-07 20:30:52 - INFO - mars_base_internal_humidity: 59.71
2025-04-07 20:30:52 - INFO - mars_base_external_illuminance: 641.62
2025-04-07 20:30:52 - INFO - mars_base_internal_co2: 0.09
2025-04-07 20:30:52 - INFO - mars_base_internal_oxygen: 4.2
2025-04-07 20:30:57 - INFO - mars_base_internal_temperature: 20.07
2025-04-07 20:30:57 - INFO - mars_base_external_temperature: 18.63
2025-04-07 20:30:57 - INFO - mars_base_internal_humidity: 57.76
2025-04-07 20:30:57 - INFO - mars_base_external_illuminance: 693.63
2025-04-07 20:30:57 - INFO - mars_base_internal_co2: 0.03
2025-04-07 20:30:57 - INFO - mars_base_internal_oxygen: 6.69
2025-04-07 20:31:02 - INFO - mars_base_internal_temperature: 30.85
2025-04-07 20:31:02 - INFO - mars_base_external_temperature: 17.27
2025-04-07 20:31:02 - INFO - mars_base_internal_humidity: 60.03
2025-04-07 20:31:02 - INFO - mars_base_external_illuminance: 647.28
2025-04-07 20:31:02 - INFO - mars_base_internal_co2: 0.05
2025-04-07 20:31:02 - INFO - mars_base_internal_oxygen: 5.69
2025-04-07 20:31:07 - INFO - mars_base_internal_temperature: 28.16
2025-04-07 20:31:07 - INFO - mars_base_external_temperature: 17.57
2025-04-07 20:31:07 - INFO - mars_base_internal_humidity: 51.21
2025-04-07 20:31:07 - INFO - mars_base_external_illuminance: 629.64
2025-04-07 20:31:07 - INFO - mars_base_internal_co2: 0.07
2025-04-07 20:31:07 - INFO - mars_base_internal_oxygen: 4.5
2025-04-07 20:31:12 - INFO - mars_base_internal_temperature: 23.97
2025-04-07 20:31:12 - INFO - mars_base_external_temperature: 5.28
2025-04-07 20:31:12 - INFO - mars_base_internal_humidity: 58.38
2025-04-07 20:31:12 - INFO - mars_base_external_illuminance: 542.96
2025-04-07 20:31:12 - INFO - mars_base_internal_co2: 0.04
2025-04-07 20:31:12 - INFO - mars_base_internal_oxygen: 4.27
2025-04-07 20:31:17 - INFO - mars_base_internal_temperature: 21.89
2025-04-07 20:31:17 - INFO - mars_base_external_temperature: 15.5
2025-04-07 20:31:17 - INFO - mars_base_internal_humidity: 54.86
2025-04-07 20:31:17 - INFO - mars_base_external_illuminance: 696.72
2025-04-07 20:31:17 - INFO - mars_base_internal_co2: 0.06
2025-04-07 20:31:17 - INFO - mars_base_internal_oxygen: 5.24
2025-04-07 20:31:22 - INFO - mars_base_internal_temperature: 29.28
2025-04-07 20:31:22 - INFO - mars_base_external_temperature: 18.78
2025-04-07 20:31:22 - INFO - mars_base_internal_humidity: 55.11
2025-04-07 20:31:22 - INFO - mars_base_external_illuminance: 647.24
2025-04-07 20:31:22 - INFO - mars_base_internal_co2: 0.09
2025-04-07 20:31:22 - INFO - mars_base_internal_oxygen: 6.83
2025-04-07 20:31:27 - INFO - mars_base_internal_temperature: 20.16
2025-04-07 20:31:27 - INFO - mars_base_external_temperature: 16.04
2025-04-07 20:31:27 - INFO - mars_base_internal_humidity: 51.75
2025-04-07 20:31:27 - INFO - mars_base_external_illuminance: 522.38
2025-04-07 20:31:27 - INFO - mars_base_internal_co2: 0.08
2025-04-07 20:31:27 - INFO - mars_base_internal_oxygen: 5.26
2025-04-07 20:31:32 - INFO - mars_base_internal_temperature: 28.51
2025-04-07 20:31:32 - INFO - mars_base_external_temperature: 14.52
2025-04-07 20:31:32 - INFO - mars_base_internal_humidity: 50.81
2025-04-07 20:31:32 - INFO - mars_base_external_illuminance: 691.26
2025-04-07 20:31:32 - INFO - mars_base_internal_co2: 0.06
2025-04-07 20:31:32 - INFO - mars_base_internal_oxygen: 4.54
2025-04-07 20:31:37 - INFO - mars_base_internal_temperature: 28.46
2025-04-07 20:31:37 - INFO - mars_base_external_temperature: 4.17
2025-04-07 20:31:37 - INFO - mars_base_internal_humidity: 52.4
2025-04-07 20:31:37 - INFO - mars_base_external_illuminance: 599.25
2025-04-07 20:31:37 - INFO - mars_base_internal_co2: 0.07
2025-04-07 20:31:37 - INFO - mars_base_internal_oxygen: 5.08
2025-04-07 20:31:42 - INFO - mars_base_internal_temperature: 29.59
2025-04-07 20:31:42 - INFO - mars_base_external_temperature: 17.48
2025-04-07 20:31:42 - INFO - mars_base_internal_humidity: 57.06
2025-04-07 20:31:42 - INFO - mars_base_external_illuminance: 692.72
2025-04-07 20:31:42 - INFO - mars_base_internal_co2: 0.03
2025-04-07 20:31:42 - INFO - mars_base_internal_oxygen: 5.47
2025-04-07 20:31:47 - INFO - mars_base_internal_temperature: 18.51
2025-04-07 20:31:47 - INFO - mars_base_external_temperature: 4.1
2025-04-07 20:31:47 - INFO - mars_base_internal_humidity: 59.09
2025-04-07 20:31:47 - INFO - mars_base_external_illuminance: 610.76
2025-04-07 20:31:47 - INFO - mars_base_internal_co2: 0.09
2025-04-07 20:31:47 - INFO - mars_base_internal_oxygen: 6.69
2025-04-07 20:31:52 - INFO - mars_base_internal_temperature: 26.45
2025-04-07 20:31:52 - INFO - mars_base_external_temperature: 8.75
2025-04-07 20:31:52 - INFO - mars_base_internal_humidity: 56.03
2025-04-07 20:31:52 - INFO - mars_base_external_illuminance: 533.55
2025-04-07 20:31:52 - INFO - mars_base_internal_co2: 0.1
2025-04-07 20:31:52 - INFO - mars_base_internal_oxygen: 5.61
2025-04-07 20:31:57 - INFO - mars_base_internal_temperature: 20.72
2025-04-07 20:31:57 - INFO - mars_base_external_temperature: 11.94
2025-04-07 20:31:57 - INFO - mars_base_internal_humidity: 53.27
2025-04-07 20:31:57 - INFO - mars_base_external_illuminance: 692.3
2025-04-07 20:31:57 - INFO - mars_base_internal_co2: 0.05
2025-04-07 20:31:57 - INFO - mars_base_internal_oxygen: 6.26
2025-04-07 20:32:02 - INFO - mars_base_internal_temperature: 19.24
2025-04-07 20:32:02 - INFO - mars_base_external_temperature: 19.99
2025-04-07 20:32:02 - INFO - mars_base_internal_humidity: 50.41
2025-04-07 20:32:02 - INFO - mars_base_external_illuminance: 556.73
2025-04-07 20:32:02 - INFO - mars_base_internal_co2: 0.03
2025-04-07 20:32:02 - INFO - mars_base_internal_oxygen: 5.86
2025-04-07 20:32:07 - INFO - mars_base_internal_temperature: 18.96
2025-04-07 20:32:07 - INFO - mars_base_external_temperature: 20.98
2025-04-07 20:32:07 - INFO - mars_base_internal_humidity: 60.25
2025-04-07 20:32:07 - INFO - mars_base_external_illuminance: 521.3
2025-04-07 20:32:07 - INFO - mars_base_internal_co2: 0.07
2025-04-07 20:32:07 - INFO - mars_base_internal_oxygen: 6.6
2025-04-07 20:32:12 - INFO - mars_base_internal_temperature: 19.72
2025-04-07 20:32:12 - INFO - mars_base_external_temperature: 19.87
2025-04-07 20:32:12 - INFO - mars_base_internal_humidity: 54.77
2025-04-07 20:32:12 - INFO - mars_base_external_illuminance: 584.53
2025-04-07 20:32:12 - INFO - mars_base_internal_co2: 0.09
2025-04-07 20:32:12 - INFO - mars_base_internal_oxygen: 5.28
2025-04-07 20:32:17 - INFO - mars_base_internal_temperature: 29.93
2025-04-07 20:32:17 - INFO - mars_base_external_temperature: 0.01
2025-04-07 20:32:17 - INFO - mars_base_internal_humidity: 50.04
2025-04-07 20:32:17 - INFO - mars_base_external_illuminance: 708.59
2025-04-07 20:32:17 - INFO - mars_base_internal_co2: 0.08
2025-04-07 20:32:17 - INFO - mars_base_internal_oxygen: 6.27
2025-04-07 20:32:22 - INFO - mars_base_internal_temperature: 29.63
2025-04-07 20:32:22 - INFO - mars_base_external_temperature: 0.22
2025-04-07 20:32:22 - INFO - mars_base_internal_humidity: 52.89
2025-04-07 20:32:22 - INFO - mars_base_external_illuminance: 581.24
2025-04-07 20:32:22 - INFO - mars_base_internal_co2: 0.07
2025-04-07 20:32:22 - INFO - mars_base_internal_oxygen: 4.05
2025-04-07 20:32:27 - INFO - mars_base_internal_temperature: 29.65
2025-04-07 20:32:27 - INFO - mars_base_external_temperature: 9.19
2025-04-07 20:32:27 - INFO - mars_base_internal_humidity: 51.71
2025-04-07 20:32:27 - INFO - mars_base_external_illuminance: 695.86
2025-04-07 20:32:27 - INFO - mars_base_internal_co2: 0.08
2025-04-07 20:32:27 - INFO - mars_base_internal_oxygen: 4.46
2025-04-07 20:32:32 - INFO - mars_base_internal_temperature: 19.48
2025-04-07 20:32:32 - INFO - mars_base_external_temperature: 5.56
2025-04-07 20:32:32 - INFO - mars_base_internal_humidity: 53.25
2025-04-07 20:32:32 - INFO - mars_base_external_illuminance: 523.41
2025-04-07 20:32:32 - INFO - mars_base_internal_co2: 0.03
2025-04-07 20:32:32 - INFO - mars_base_internal_oxygen: 5.73
2025-04-07 20:32:37 - INFO - mars_base_internal_temperature: 24.82
2025-04-07 20:32:37 - INFO - mars_base_external_temperature: 18.58
2025-04-07 20:32:37 - INFO - mars_base_internal_humidity: 55.6
2025-04-07 20:32:37 - INFO - mars_base_external_illuminance: 666.57
2025-04-07 20:32:37 - INFO - mars_base_internal_co2: 0.05
2025-04-07 20:32:37 - INFO - mars_base_internal_oxygen: 4.02
2025-04-07 20:32:42 - INFO - mars_base_internal_temperature: 30.05
2025-04-07 20:32:42 - INFO - mars_base_external_temperature: 2.19
2025-04-07 20:32:42 - INFO - mars_base_internal_humidity: 52.24
2025-04-07 20:32:42 - INFO - mars_base_external_illuminance: 588.65
2025-04-07 20:32:42 - INFO - mars_base_internal_co2: 0.06
2025-04-07 20:32:42 - INFO - mars_base_internal_oxygen: 4.41
2025-04-07 20:32:47 - INFO - mars_base_internal_temperature: 18.39
2025-04-07 20:32:47 - INFO - mars_base_external_temperature: 21.56
2025-04-07 20:32:47 - INFO - mars_base_internal_humidity: 60.65
2025-04-07 20:32:47 - INFO - mars_base_external_illuminance: 512.18
2025-04-07 20:32:47 - INFO - mars_base_internal_co2: 0.09
2025-04-07 20:32:47 - INFO - mars_base_internal_oxygen: 5.69
2025-04-07 20:32:52 - INFO - mars_base_internal_temperature: 27.63
2025-04-07 20:32:52 - INFO - mars_base_external_temperature: 7.3
2025-04-07 20:32:52 - INFO - mars_base_internal_humidity: 58.09
2025-04-07 20:32:52 - INFO - mars_base_external_illuminance: 599.29
2025-04-07 20:32:52 - INFO - mars_base_internal_co2: 0.03
2025-04-07 20:32:52 - INFO - mars_base_internal_oxygen: 6.19
2025-04-07 20:32:57 - INFO - mars_base_internal_temperature: 20.42
2025-04-07 20:32:57 - INFO - mars_base_external_temperature: 15.6
2025-04-07 20:32:57 - INFO - mars_base_internal_humidity: 60.76
2025-04-07 20:32:57 - INFO - mars_base_external_illuminance: 643.52
2025-04-07 20:32:57 - INFO - mars_base_internal_co2: 0.07
2025-04-07 20:32:57 - INFO - mars_base_internal_oxygen: 4.3
2025-04-07 20:33:02 - INFO - mars_base_internal_temperature: 20.79
2025-04-07 20:33:02 - INFO - mars_base_external_temperature: 12.44
2025-04-07 20:33:02 - INFO - mars_base_internal_humidity: 50.4
2025-04-07 20:33:02 - INFO - mars_base_external_illuminance: 533.81
2025-04-07 20:33:02 - INFO - mars_base_internal_co2: 0.07
2025-04-07 20:33:02 - INFO - mars_base_internal_oxygen: 5.73
2025-04-07 20:33:07 - INFO - mars_base_internal_temperature: 27.35
2025-04-07 20:33:07 - INFO - mars_base_external_temperature: 1.11
2025-04-07 20:33:07 - INFO - mars_base_internal_humidity: 58.94
2025-04-07 20:33:07 - INFO - mars_base_external_illuminance: 528.5
2025-04-07 20:33:07 - INFO - mars_base_internal_co2: 0.04
2025-04-07 20:33:07 - INFO - mars_base_internal_oxygen: 5.54
2025-04-07 20:33:12 - INFO - mars_base_internal_temperature: 21.96
2025-04-07 20:33:12 - INFO - mars_base_external_temperature: 6.09
2025-04-07 20:33:12 - INFO - mars_base_internal_humidity: 50.64
2025-04-07 20:33:12 - INFO - mars_base_external_illuminance: 597.51
2025-04-07 20:33:12 - INFO - mars_base_internal_co2: 0.09
2025-04-07 20:33:12 - INFO - mars_base_internal_oxygen: 6.01
2025-04-07 20:33:17 - INFO - mars_base_internal_temperature: 18.07
2025-04-07 20:33:17 - INFO - mars_base_external_temperature: 20.18
2025-04-07 20:33:17 - INFO - mars_base_internal_humidity: 50.01
2025-04-07 20:33:17 - INFO - mars_base_external_illuminance: 654.22
2025-04-07 20:33:17 - INFO - mars_base_internal_co2: 0.04
2025-04-07 20:33:17 - INFO - mars_base_internal_oxygen: 5.33
2025-04-07 20:33:22 - INFO - mars_base_internal_temperature: 21.39
2025-04-07 20:33:22 - INFO - mars_base_external_temperature: 15.76
2025-04-07 20:33:22 - INFO - mars_base_internal_humidity: 54.64
2025-04-07 20:33:22 - INFO - mars_base_external_illuminance: 535.75
2025-04-07 20:33:22 - INFO - mars_base_internal_co2: 0.06
2025-04-07 20:33:22 - INFO - mars_base_internal_oxygen: 6.83
2025-04-07 20:33:27 - INFO - mars_base_internal_temperature: 27.23
2025-04-07 20:33:27 - INFO - mars_base_external_temperature: 20.76
2025-04-07 20:33:27 - INFO - mars_base_internal_humidity: 57.65
2025-04-07 20:33:27 - INFO - mars_base_external_illuminance: 523.22
2025-04-07 20:33:27 - INFO - mars_base_internal_co2: 0.03
2025-04-07 20:33:27 - INFO - mars_base_internal_oxygen: 5.31
2025-04-07 20:33:32 - INFO - mars_base_internal_temperature: 22.19
2025-04-07 20:33:32 - INFO - mars_base_external_temperature: 16.64
2025-04-07 20:33:32 - INFO - mars_base_internal_humidity: 55.43
2025-04-07 20:33:32 - INFO - mars_base_external_illuminance: 713.59
2025-04-07 20:33:32 - INFO - mars_base_internal_co2: 0.09
2025-04-07 20:33:32 - INFO - mars_base_internal_oxygen: 4.51
2025-04-07 20:33:37 - INFO - mars_base_internal_temperature: 27.04
2025-04-07 20:33:37 - INFO - mars_base_external_temperature: 6.34
2025-04-07 20:33:37 - INFO - mars_base_internal_humidity: 55.32
2025-04-07 20:33:37 - INFO - mars_base_external_illuminance: 668.82
2025-04-07 20:33:37 - INFO - mars_base_internal_co2: 0.08
2025-04-07 20:33:37 - INFO - mars_base_internal_oxygen: 6.49
2025-04-07 20:33:42 - INFO - mars_base_internal_temperature: 27.08
2025-04-07 20:33:42 - INFO - mars_base_external_temperature: 8.5
2025-04-07 20:33:42 - INFO - mars_base_internal_humidity: 60.32
2025-04-07 20:33:42 - INFO - mars_base_external_illuminance: 528.17
2025-04-07 20:33:42 - INFO - mars_base_internal_co2: 0.03
2025-04-07 20:33:42 - INFO - mars_base_internal_oxygen: 6.11
2025-04-07 20:33:47 - INFO - mars_base_internal_temperature: 21.84
2025-04-07 20:33:47 - INFO - mars_base_external_temperature: 6.28
2025-04-07 20:33:47 - INFO - mars_base_internal_humidity: 58.46
2025-04-07 20:33:47 - INFO - mars_base_external_illuminance: 671.42
2025-04-07 20:33:47 - INFO - mars_base_internal_co2: 0.06
2025-04-07 20:33:47 - INFO - mars_base_internal_oxygen: 4.29
2025-04-07 20:33:52 - INFO - mars_base_internal_temperature: 22.38
2025-04-07 20:33:52 - INFO - mars_base_external_temperature: 2.97
2025-04-07 20:33:52 - INFO - mars_base_internal_humidity: 56.51
2025-04-07 20:33:52 - INFO - mars_base_external_illuminance: 550.29
2025-04-07 20:33:52 - INFO - mars_base_internal_co2: 0.05
2025-04-07 20:33:52 - INFO - mars_base_internal_oxygen: 4.66
2025-04-07 20:33:57 - INFO - mars_base_internal_temperature: 24.39
2025-04-07 20:33:57 - INFO - mars_base_external_temperature: 10.75
2025-04-07 20:33:57 - INFO - mars_base_internal_humidity: 60.62
2025-04-07 20:33:57 - INFO - mars_base_external_illuminance: 705.47
2025-04-07 20:33:57 - INFO - mars_base_internal_co2: 0.07
2025-04-07 20:33:57 - INFO - mars_base_internal_oxygen: 5.72
2025-04-07 20:34:02 - INFO - mars_base_internal_temperature: 23.17
2025-04-07 20:34:02 - INFO - mars_base_external_temperature: 3.16
2025-04-07 20:34:02 - INFO - mars_base_internal_humidity: 59.86
2025-04-07 20:34:02 - INFO - mars_base_external_illuminance: 547.89
2025-04-07 20:34:02 - INFO - mars_base_internal_co2: 0.03
2025-04-07 20:34:02 - INFO - mars_base_internal_oxygen: 6.02
2025-04-07 20:34:07 - INFO - mars_base_internal_temperature: 22.75
2025-04-07 20:34:07 - INFO - mars_base_external_temperature: 16.48
2025-04-07 20:34:07 - INFO - mars_base_internal_humidity: 60.99
2025-04-07 20:34:07 - INFO - mars_base_external_illuminance: 704.92
2025-04-07 20:34:07 - INFO - mars_base_internal_co2: 0.02
2025-04-07 20:34:07 - INFO - mars_base_internal_oxygen: 5.8
2025-04-07 20:34:12 - INFO - mars_base_internal_temperature: 25.76
2025-04-07 20:34:12 - INFO - mars_base_external_temperature: 8.99
2025-04-07 20:34:12 - INFO - mars_base_internal_humidity: 55.79
2025-04-07 20:34:12 - INFO - mars_base_external_illuminance: 583.73
2025-04-07 20:34:12 - INFO - mars_base_internal_co2: 0.04
2025-04-07 20:34:12 - INFO - mars_base_internal_oxygen: 6.11
2025-04-07 20:34:17 - INFO - mars_base_internal_temperature: 22.78
2025-04-07 20:34:17 - INFO - mars_base_external_temperature: 0.83
2025-04-07 20:34:17 - INFO - mars_base_internal_humidity: 50.35
2025-04-07 20:34:17 - INFO - mars_base_external_illuminance: 635.14
2025-04-07 20:34:17 - INFO - mars_base_internal_co2: 0.07
2025-04-07 20:34:17 - INFO - mars_base_internal_oxygen: 5.92
2025-04-07 20:34:22 - INFO - mars_base_internal_temperature: 23.68
2025-04-07 20:34:22 - INFO - mars_base_external_temperature: 9.49
2025-04-07 20:34:22 - INFO - mars_base_internal_humidity: 51.96
2025-04-07 20:34:22 - INFO - mars_base_external_illuminance: 621.68
2025-04-07 20:34:22 - INFO - mars_base_internal_co2: 0.05
2025-04-07 20:34:22 - INFO - mars_base_internal_oxygen: 5.16
2025-04-07 20:34:27 - INFO - mars_base_internal_temperature: 19.34
2025-04-07 20:34:27 - INFO - mars_base_external_temperature: 9.23
2025-04-07 20:34:27 - INFO - mars_base_internal_humidity: 60.2
2025-04-07 20:34:27 - INFO - mars_base_external_illuminance: 713.21
2025-04-07 20:34:27 - INFO - mars_base_internal_co2: 0.02
2025-04-07 20:34:27 - INFO - mars_base_internal_oxygen: 5.36
2025-04-07 20:34:32 - INFO - mars_base_internal_temperature: 22.32
2025-04-07 20:34:32 - INFO - mars_base_external_temperature: 9.52
2025-04-07 20:34:32 - INFO - mars_base_internal_humidity: 59.56
2025-04-07 20:34:32 - INFO - mars_base_external_illuminance: 591.51
2025-04-07 20:34:32 - INFO - mars_base_internal_co2: 0.03
2025-04-07 20:34:32 - INFO - mars_base_internal_oxygen: 5.15
2025-04-07 20:34:37 - INFO - mars_base_internal_temperature: 28.72
2025-04-07 20:34:37 - INFO - mars_base_external_temperature: 13.91
2025-04-07 20:34:37 - INFO - mars_base_internal_humidity: 58.88
2025-04-07 20:34:37 - INFO - mars_base_external_illuminance: 587.86
2025-04-07 20:34:37 - INFO - mars_base_internal_co2: 0.03
2025-04-07 20:34:37 - INFO - mars_base_internal_oxygen: 4.24
2025-04-07 20:34:42 - INFO - mars_base_internal_temperature: 29.06
2025-04-07 20:34:42 - INFO - mars_base_external_temperature: 14.05
2025-04-07 20:34:42 - INFO - mars_base_internal_humidity: 59.62
2025-04-07 20:34:42 - INFO - mars_base_external_illuminance: 590.93
2025-04-07 20:34:42 - INFO - mars_base_internal_co2: 0.07
2025-04-07 20:34:42 - INFO - mars_base_internal_oxygen: 6.55
2025-04-07 20:34:47 - INFO - mars_base_internal_temperature: 18.61
2025-04-07 20:34:47 - INFO - mars_base_external_temperature: 5.17
2025-04-07 20:34:47 - INFO - mars_base_internal_humidity: 51.79
2025-04-07 20:34:47 - INFO - mars_base_external_illuminance: 684.41
2025-04-07 20:34:47 - INFO - mars_base_internal_co2: 0.08
2025-04-07 20:34:47 - INFO - mars_base_internal_oxygen: 4.38
2025-04-07 20:34:52 - INFO - mars_base_internal_temperature: 23.8
2025-04-07 20:34:52 - INFO - mars_base_external_temperature: 7.44
2025-04-07 20:34:52 - INFO - mars_base_internal_humidity: 60.88
2025-04-07 20:34:52 - INFO - mars_base_external_illuminance: 501.17
2025-04-07 20:34:52 - INFO - mars_base_internal_co2: 0.08
2025-04-07 20:34:52 - INFO - mars_base_internal_oxygen: 5.21
2025-04-07 20:34:57 - INFO - mars_base_internal_temperature: 22.76
2025-04-07 20:34:57 - INFO - mars_base_external_temperature: 15.2
2025-04-07 20:34:57 - INFO - mars_base_internal_humidity: 60.6
2025-04-07 20:34:57 - INFO - mars_base_external_illuminance: 544.52
2025-04-07 20:34:57 - INFO - mars_base_internal_co2: 0.06
2025-04-07 20:34:57 - INFO - mars_base_internal_oxygen: 6.36
2025-04-07 20:35:02 - INFO - mars_base_internal_temperature: 25.23
2025-04-07 20:35:02 - INFO - mars_base_external_temperature: 8.73
2025-04-07 20:35:02 - INFO - mars_base_internal_humidity: 59.78
2025-04-07 20:35:02 - INFO - mars_base_external_illuminance: 636.39
2025-04-07 20:35:02 - INFO - mars_base_internal_co2: 0.03
2025-04-07 20:35:02 - INFO - mars_base_internal_oxygen: 6.89
2025-04-07 20:35:07 - INFO - mars_base_internal_temperature: 26.61
2025-04-07 20:35:07 - INFO - mars_base_external_temperature: 5.39
2025-04-07 20:35:07 - INFO - mars_base_internal_humidity: 58.2
2025-04-07 20:35:07 - INFO - mars_base_external_illuminance: 548.57
2025-04-07 20:35:07 - INFO - mars_base_internal_co2: 0.06
2025-04-07 20:35:07 - INFO - mars_base_internal_oxygen: 5.75
2025-04-07 20:35:12 - INFO - mars_base_internal_temperature: 19.37
2025-04-07 20:35:12 - INFO - mars_base_external_temperature: 4.44
2025-04-07 20:35:12 - INFO - mars_base_internal_humidity: 51.9
2025-04-07 20:35:12 - INFO - mars_base_external_illuminance: 502.93
2025-04-07 20:35:12 - INFO - mars_base_internal_co2: 0.08
2025-04-07 20:35:12 - INFO - mars_base_internal_oxygen: 4.9
2025-04-07 20:35:17 - INFO - mars_base_internal_temperature: 29.34
2025-04-07 20:35:17 - INFO - mars_base_external_temperature: 17.4
2025-04-07 20:35:17 - INFO - mars_base_internal_humidity: 54.83
2025-04-07 20:35:17 - INFO - mars_base_external_illuminance: 673.94
2025-04-07 20:35:17 - INFO - mars_base_internal_co2: 0.03
2025-04-07 20:35:17 - INFO - mars_base_internal_oxygen: 5.18
2025-04-07 20:35:22 - INFO - mars_base_internal_temperature: 25.22
2025-04-07 20:35:22 - INFO - mars_base_external_temperature: 14.19
2025-04-07 20:35:22 - INFO - mars_base_internal_humidity: 58.32
2025-04-07 20:35:22 - INFO - mars_base_external_illuminance: 645.13
2025-04-07 20:35:22 - INFO - mars_base_internal_co2: 0.08
2025-04-07 20:35:22 - INFO - mars_base_internal_oxygen: 6.53
2025-04-07 20:42:39 - INFO - mars_base_internal_temperature: 28.07
2025-04-07 20:42:39 - INFO - mars_base_external_temperature: 11.03
2025-04-07 20:42:39 - INFO - mars_base_internal_humidity: 60.83
2025-04-07 20:42:39 - INFO - mars_base_external_illuminance: 674.13
2025-04-07 20:42:39 - INFO - mars_base_internal_co2: 0.04
2025-04-07 20:42:39 - INFO - mars_base_internal_oxygen: 6.4
2025-04-07 20:42:44 - INFO - mars_base_internal_temperature: 28.55
2025-04-07 20:42:44 - INFO - mars_base_external_temperature: 16.45
2025-04-07 20:42:44 - INFO - mars_base_internal_humidity: 50.53
2025-04-07 20:42:44 - INFO - mars_base_external_illuminance: 534.13
2025-04-07 20:42:44 - INFO - mars_base_internal_co2: 0.05
2025-04-07 20:42:44 - INFO - mars_base_internal_oxygen: 6.89
2025-04-07 20:44:06 - INFO - mars_base_internal_temperature: 26.56
2025-04-07 20:44:06 - INFO - mars_base_external_temperature: 9.59
2025-04-07 20:44:06 - INFO - mars_base_internal_humidity: 51.17
2025-04-07 20:44:06 - INFO - mars_base_external_illuminance: 654.81
2025-04-07 20:44:06 - INFO - mars_base_internal_co2: 0.09
2025-04-07 20:44:06 - INFO - mars_base_internal_oxygen: 4.12
2025-04-07 20:44:11 - INFO - mars_base_internal_temperature: 24.95
2025-04-07 20:44:11 - INFO - mars_base_external_temperature: 21.54
2025-04-07 20:44:11 - INFO - mars_base_internal_humidity: 56.44
2025-04-07 20:44:11 - INFO - mars_base_external_illuminance: 642.92
2025-04-07 20:44:11 - INFO - mars_base_internal_co2: 0.04
2025-04-07 20:44:11 - INFO - mars_base_internal_oxygen: 5.93
2025-04-07 20:44:16 - INFO - mars_base_internal_temperature: 20.1
2025-04-07 20:44:16 - INFO - mars_base_external_temperature: 10.67
2025-04-07 20:44:16 - INFO - mars_base_internal_humidity: 52.88
2025-04-07 20:44:16 - INFO - mars_base_external_illuminance: 578.33
2025-04-07 20:44:16 - INFO - mars_base_internal_co2: 0.07
2025-04-07 20:44:16 - INFO - mars_base_internal_oxygen: 4.16
2025-04-07 20:44:21 - INFO - mars_base_internal_temperature: 28.26
2025-04-07 20:44:21 - INFO - mars_base_external_temperature: 6.74
2025-04-07 20:44:21 - INFO - mars_base_internal_humidity: 54.49
2025-04-07 20:44:21 - INFO - mars_base_external_illuminance: 564.18
2025-04-07 20:44:21 - INFO - mars_base_internal_co2: 0.07
2025-04-07 20:44:21 - INFO - mars_base_internal_oxygen: 4.18
2025-04-07 20:44:26 - INFO - mars_base_internal_temperature: 23.88
2025-04-07 20:44:26 - INFO - mars_base_external_temperature: 3.78
2025-04-07 20:44:26 - INFO - mars_base_internal_humidity: 53.14
2025-04-07 20:44:26 - INFO - mars_base_external_illuminance: 670.87
2025-04-07 20:44:26 - INFO - mars_base_internal_co2: 0.05
2025-04-07 20:44:26 - INFO - mars_base_internal_oxygen: 5.3
2025-04-07 20:44:31 - INFO - mars_base_internal_temperature: 19.71
2025-04-07 20:44:31 - INFO - mars_base_external_temperature: 17.3
2025-04-07 20:44:31 - INFO - mars_base_internal_humidity: 59.94
2025-04-07 20:44:31 - INFO - mars_base_external_illuminance: 505.77
2025-04-07 20:44:31 - INFO - mars_base_internal_co2: 0.05
2025-04-07 20:44:31 - INFO - mars_base_internal_oxygen: 4.54
2025-04-07 20:44:36 - INFO - mars_base_internal_temperature: 23.47
2025-04-07 20:44:36 - INFO - mars_base_external_temperature: 7.02
2025-04-07 20:44:36 - INFO - mars_base_internal_humidity: 55.01
2025-04-07 20:44:36 - INFO - mars_base_external_illuminance: 655.57
2025-04-07 20:44:36 - INFO - mars_base_internal_co2: 0.08
2025-04-07 20:44:36 - INFO - mars_base_internal_oxygen: 4.96
2025-04-07 20:44:41 - INFO - mars_base_internal_temperature: 18.9
2025-04-07 20:44:41 - INFO - mars_base_external_temperature: 8.18
2025-04-07 20:44:41 - INFO - mars_base_internal_humidity: 59.76
2025-04-07 20:44:41 - INFO - mars_base_external_illuminance: 613.45
2025-04-07 20:44:41 - INFO - mars_base_internal_co2: 0.04
2025-04-07 20:44:41 - INFO - mars_base_internal_oxygen: 4.69
2025-04-07 20:44:46 - INFO - mars_base_internal_temperature: 24.7
2025-04-07 20:44:46 - INFO - mars_base_external_temperature: 15.72
2025-04-07 20:44:46 - INFO - mars_base_internal_humidity: 59.8
2025-04-07 20:44:46 - INFO - mars_base_external_illuminance: 701.4
2025-04-07 20:44:46 - INFO - mars_base_internal_co2: 0.03
2025-04-07 20:44:46 - INFO - mars_base_internal_oxygen: 4.94
2025-04-07 20:44:51 - INFO - mars_base_internal_temperature: 25.2
2025-04-07 20:44:51 - INFO - mars_base_external_temperature: 15.34
2025-04-07 20:44:51 - INFO - mars_base_internal_humidity: 57.83
2025-04-07 20:44:51 - INFO - mars_base_external_illuminance: 607.11
2025-04-07 20:44:51 - INFO - mars_base_internal_co2: 0.07
2025-04-07 20:44:51 - INFO - mars_base_internal_oxygen: 5.01
2025-04-07 20:44:56 - INFO - mars_base_internal_temperature: 29.25
2025-04-07 20:44:56 - INFO - mars_base_external_temperature: 9.79
2025-04-07 20:44:56 - INFO - mars_base_internal_humidity: 56.02
2025-04-07 20:44:56 - INFO - mars_base_external_illuminance: 699.79
2025-04-07 20:44:56 - INFO - mars_base_internal_co2: 0.06
2025-04-07 20:44:56 - INFO - mars_base_internal_oxygen: 4.35
2025-04-07 20:56:30 - INFO - mars_base_internal_temperature: 22.39
2025-04-07 20:56:30 - INFO - mars_base_external_temperature: 11.93
2025-04-07 20:56:30 - INFO - mars_base_internal_humidity: 55.3
2025-04-07 20:56:30 - INFO - mars_base_external_illuminance: 584.45
2025-04-07 20:56:30 - INFO - mars_base_internal_co2: 0.06
2025-04-07 20:56:30 - INFO - mars_base_internal_oxygen: 6.27
2025-04-07 20:56:35 - INFO - mars_base_internal_temperature: 28.21
2025-04-07 20:56:35 - INFO - mars_base_external_temperature: 6.77
2025-04-07 20:56:35 - INFO - mars_base_internal_humidity: 54.23
2025-04-07 20:56:35 - INFO - mars_base_external_illuminance: 611.44
2025-04-07 20:56:35 - INFO - mars_base_internal_co2: 0.06
2025-04-07 20:56:35 - INFO - mars_base_internal_oxygen: 4.71
2025-04-13 18:44:20 - INFO - mars_base_internal_temperature: 29.69
2025-04-13 18:44:20 - INFO - mars_base_external_temperature: 16.29
2025-04-13 18:44:20 - INFO - mars_base_internal_humidity: 51.21
2025-04-13 18:44:20 - INFO - mars_base_external_illuminance: 617.75
2025-04-13 18:44:20 - INFO - mars_base_internal_co2: 0.06
2025-04-13 18:44:20 - INFO - mars_base_internal_oxygen: 4.69
