2025-03-31 09:45:53 - INFO - mars_base_internal_temperature: 25.14
2025-03-31 09:45:53 - INFO - mars_base_external_temperature: 19.83
2025-03-31 09:45:53 - INFO - mars_base_internal_humidity: 52.02
2025-03-31 09:45:53 - INFO - mars_base_external_illuminance: 658.7
2025-03-31 09:45:53 - INFO - mars_base_internal_co2: 0.03
2025-03-31 09:45:53 - INFO - mars_base_internal_oxygen: 4.65
2025-03-31 16:01:36 - INFO - mars_base_internal_temperature: 29.64
2025-03-31 16:01:36 - INFO - mars_base_external_temperature: 19.31
2025-03-31 16:01:36 - INFO - mars_base_internal_humidity: 59.76
2025-03-31 16:01:36 - INFO - mars_base_external_illuminance: 635.32
2025-03-31 16:01:36 - INFO - mars_base_internal_co2: 0.04
2025-03-31 16:01:36 - INFO - mars_base_internal_oxygen: 5.37
2025-03-31 20:09:37 - INFO - mars_base_internal_temperature: 18.75
2025-03-31 20:09:37 - INFO - mars_base_external_temperature: 4.68
2025-03-31 20:09:37 - INFO - mars_base_internal_humidity: 52.27
2025-03-31 20:09:37 - INFO - mars_base_external_illuminance: 654.6
2025-03-31 20:09:37 - INFO - mars_base_internal_co2: 0.04
2025-03-31 20:09:37 - INFO - mars_base_internal_oxygen: 6.94
2025-03-31 20:24:33 - INFO - mars_base_internal_temperature: 29.12
2025-03-31 20:24:33 - INFO - mars_base_external_temperature: 4.62
2025-03-31 20:24:33 - INFO - mars_base_internal_humidity: 50.3
2025-03-31 20:24:33 - INFO - mars_base_external_illuminance: 711.92
2025-03-31 20:24:33 - INFO - mars_base_internal_co2: 0.03
2025-03-31 20:24:33 - INFO - mars_base_internal_oxygen: 4.41
2025-04-04 23:37:53 - INFO - mars_base_internal_temperature: 21.16
2025-04-04 23:37:53 - INFO - mars_base_external_temperature: 7.78
2025-04-04 23:37:53 - INFO - mars_base_internal_humidity: 50.97
2025-04-04 23:37:53 - INFO - mars_base_external_illuminance: 515.08
2025-04-04 23:37:53 - INFO - mars_base_internal_co2: 0.04
2025-04-04 23:37:53 - INFO - mars_base_internal_oxygen: 6.78
2025-04-04 23:37:53 - INFO - mars_base_internal_temperature: 26.98
2025-04-04 23:37:53 - INFO - mars_base_external_temperature: 13.12
2025-04-04 23:37:53 - INFO - mars_base_internal_humidity: 53.32
2025-04-04 23:37:53 - INFO - mars_base_external_illuminance: 603.29
2025-04-04 23:37:53 - INFO - mars_base_internal_co2: 0.08
2025-04-04 23:37:53 - INFO - mars_base_internal_oxygen: 4.79
2025-04-04 23:38:34 - INFO - mars_base_internal_temperature: 26.34
2025-04-04 23:38:34 - INFO - mars_base_external_temperature: 4.32
2025-04-04 23:38:34 - INFO - mars_base_internal_humidity: 55.88
2025-04-04 23:38:34 - INFO - mars_base_external_illuminance: 693.2
2025-04-04 23:38:34 - INFO - mars_base_internal_co2: 0.02
2025-04-04 23:38:34 - INFO - mars_base_internal_oxygen: 5.87
2025-04-04 23:39:42 - INFO - mars_base_internal_temperature: 20.97
2025-04-04 23:39:42 - INFO - mars_base_external_temperature: 0.93
2025-04-04 23:39:42 - INFO - mars_base_internal_humidity: 56.63
2025-04-04 23:39:42 - INFO - mars_base_external_illuminance: 580.2
2025-04-04 23:39:42 - INFO - mars_base_internal_co2: 0.09
2025-04-04 23:39:42 - INFO - mars_base_internal_oxygen: 4.13
2025-04-04 23:39:42 - INFO - mars_base_internal_temperature: 20.25
2025-04-04 23:39:42 - INFO - mars_base_external_temperature: 13.02
2025-04-04 23:39:42 - INFO - mars_base_internal_humidity: 60.3
2025-04-04 23:39:42 - INFO - mars_base_external_illuminance: 588.78
2025-04-04 23:39:42 - INFO - mars_base_internal_co2: 0.05
2025-04-04 23:39:42 - INFO - mars_base_internal_oxygen: 6.36
2025-04-04 23:39:50 - INFO - mars_base_internal_temperature: 19.08
2025-04-04 23:39:50 - INFO - mars_base_external_temperature: 11.63
2025-04-04 23:39:50 - INFO - mars_base_internal_humidity: 56.66
2025-04-04 23:39:50 - INFO - mars_base_external_illuminance: 510.34
2025-04-04 23:39:50 - INFO - mars_base_internal_co2: 0.04
2025-04-04 23:39:50 - INFO - mars_base_internal_oxygen: 4.1
2025-04-04 23:44:01 - INFO - mars_base_internal_temperature: 18.3
2025-04-04 23:44:01 - INFO - mars_base_external_temperature: 11.03
2025-04-04 23:44:01 - INFO - mars_base_internal_humidity: 52.3
2025-04-04 23:44:01 - INFO - mars_base_external_illuminance: 642.07
2025-04-04 23:44:01 - INFO - mars_base_internal_co2: 0.08
2025-04-04 23:44:01 - INFO - mars_base_internal_oxygen: 5.67
2025-04-04 23:44:01 - INFO - mars_base_internal_temperature: 30.45
2025-04-04 23:44:01 - INFO - mars_base_external_temperature: 5.64
2025-04-04 23:44:01 - INFO - mars_base_internal_humidity: 60.3
2025-04-04 23:44:01 - INFO - mars_base_external_illuminance: 658.14
2025-04-04 23:44:01 - INFO - mars_base_internal_co2: 0.09
2025-04-04 23:44:01 - INFO - mars_base_internal_oxygen: 6.91
2025-04-04 23:46:09 - INFO - mars_base_internal_temperature: 24.16
2025-04-04 23:46:09 - INFO - mars_base_external_temperature: 20.12
2025-04-04 23:46:09 - INFO - mars_base_internal_humidity: 56.19
2025-04-04 23:46:09 - INFO - mars_base_external_illuminance: 700.53
2025-04-04 23:46:09 - INFO - mars_base_internal_co2: 0.06
2025-04-04 23:46:09 - INFO - mars_base_internal_oxygen: 6.59
2025-04-04 23:46:09 - INFO - mars_base_internal_temperature: 24.52
2025-04-04 23:46:09 - INFO - mars_base_external_temperature: 9.35
2025-04-04 23:46:09 - INFO - mars_base_internal_humidity: 54.87
2025-04-04 23:46:09 - INFO - mars_base_external_illuminance: 600.69
2025-04-04 23:46:09 - INFO - mars_base_internal_co2: 0.05
2025-04-04 23:46:09 - INFO - mars_base_internal_oxygen: 5.87
2025-04-04 23:47:18 - INFO - mars_base_internal_temperature: 23.79
2025-04-04 23:47:18 - INFO - mars_base_external_temperature: 3.8
2025-04-04 23:47:18 - INFO - mars_base_internal_humidity: 54.91
2025-04-04 23:47:18 - INFO - mars_base_external_illuminance: 587.28
2025-04-04 23:47:18 - INFO - mars_base_internal_co2: 0.08
2025-04-04 23:47:18 - INFO - mars_base_internal_oxygen: 5.73
2025-04-04 23:47:18 - INFO - mars_base_internal_temperature: 23.78
2025-04-04 23:47:18 - INFO - mars_base_external_temperature: 9.09
2025-04-04 23:47:18 - INFO - mars_base_internal_humidity: 56.38
2025-04-04 23:47:18 - INFO - mars_base_external_illuminance: 551.38
2025-04-04 23:47:18 - INFO - mars_base_internal_co2: 0.04
2025-04-04 23:47:18 - INFO - mars_base_internal_oxygen: 4.68
2025-04-04 23:48:44 - INFO - mars_base_internal_temperature: 30.07
2025-04-04 23:48:44 - INFO - mars_base_external_temperature: 2.26
2025-04-04 23:48:44 - INFO - mars_base_internal_humidity: 56.36
2025-04-04 23:48:44 - INFO - mars_base_external_illuminance: 582.18
2025-04-04 23:48:44 - INFO - mars_base_internal_co2: 0.03
2025-04-04 23:48:44 - INFO - mars_base_internal_oxygen: 4.45
2025-04-04 23:49:04 - INFO - mars_base_internal_temperature: 22.94
2025-04-04 23:49:04 - INFO - mars_base_external_temperature: 20.2
2025-04-04 23:49:04 - INFO - mars_base_internal_humidity: 57.85
2025-04-04 23:49:04 - INFO - mars_base_external_illuminance: 711.52
2025-04-04 23:49:04 - INFO - mars_base_internal_co2: 0.07
2025-04-04 23:49:04 - INFO - mars_base_internal_oxygen: 4.47
2025-04-04 23:52:12 - INFO - mars_base_internal_temperature: 23.26
2025-04-04 23:52:12 - INFO - mars_base_external_temperature: 14.07
2025-04-04 23:52:12 - INFO - mars_base_internal_humidity: 58.05
2025-04-04 23:52:12 - INFO - mars_base_external_illuminance: 579.54
2025-04-04 23:52:12 - INFO - mars_base_internal_co2: 0.08
2025-04-04 23:52:12 - INFO - mars_base_internal_oxygen: 6.23
2025-04-04 23:52:22 - INFO - mars_base_internal_temperature: 27.75
2025-04-04 23:52:22 - INFO - mars_base_external_temperature: 14.02
2025-04-04 23:52:22 - INFO - mars_base_internal_humidity: 55.07
2025-04-04 23:52:22 - INFO - mars_base_external_illuminance: 505.32
2025-04-04 23:52:22 - INFO - mars_base_internal_co2: 0.08
2025-04-04 23:52:22 - INFO - mars_base_internal_oxygen: 4.13
2025-04-04 23:52:29 - INFO - mars_base_internal_temperature: 20.51
2025-04-04 23:52:29 - INFO - mars_base_external_temperature: 7.44
2025-04-04 23:52:29 - INFO - mars_base_internal_humidity: 57.07
2025-04-04 23:52:29 - INFO - mars_base_external_illuminance: 683.24
2025-04-04 23:52:29 - INFO - mars_base_internal_co2: 0.05
2025-04-04 23:52:29 - INFO - mars_base_internal_oxygen: 4.53
2025-04-04 23:52:56 - INFO - mars_base_internal_temperature: 23.28
2025-04-04 23:52:56 - INFO - mars_base_external_temperature: 10.68
2025-04-04 23:52:56 - INFO - mars_base_internal_humidity: 51.33
2025-04-04 23:52:56 - INFO - mars_base_external_illuminance: 679.31
2025-04-04 23:52:56 - INFO - mars_base_internal_co2: 0.08
2025-04-04 23:52:56 - INFO - mars_base_internal_oxygen: 4.26
2025-04-04 23:55:27 - INFO - mars_base_internal_temperature: 24.08
2025-04-04 23:55:27 - INFO - mars_base_external_temperature: 11.52
2025-04-04 23:55:27 - INFO - mars_base_internal_humidity: 60.76
2025-04-04 23:55:27 - INFO - mars_base_external_illuminance: 657.5
2025-04-04 23:55:27 - INFO - mars_base_internal_co2: 0.03
2025-04-04 23:55:27 - INFO - mars_base_internal_oxygen: 6.99
2025-04-04 23:55:32 - INFO - mars_base_internal_temperature: 30.67
2025-04-04 23:55:32 - INFO - mars_base_external_temperature: 11.35
2025-04-04 23:55:32 - INFO - mars_base_internal_humidity: 50.23
2025-04-04 23:55:32 - INFO - mars_base_external_illuminance: 654.19
2025-04-04 23:55:32 - INFO - mars_base_internal_co2: 0.06
2025-04-04 23:55:32 - INFO - mars_base_internal_oxygen: 5.84
2025-04-04 23:55:37 - INFO - mars_base_internal_temperature: 26.78
2025-04-04 23:55:37 - INFO - mars_base_external_temperature: 14.37
2025-04-04 23:55:37 - INFO - mars_base_internal_humidity: 57.65
2025-04-04 23:55:37 - INFO - mars_base_external_illuminance: 696.37
2025-04-04 23:55:37 - INFO - mars_base_internal_co2: 0.08
2025-04-04 23:55:37 - INFO - mars_base_internal_oxygen: 5.47
